mode: set
github.com/xuperchain/xupercore/kernel/engines/xuperos/xtoken/types.go:93.42,95.2 1 1
github.com/xuperchain/xupercore/kernel/engines/xuperos/xtoken/types.go:97.47,99.2 1 1
github.com/xuperchain/xupercore/kernel/engines/xuperos/xtoken/types.go:101.66,103.2 1 1
github.com/xuperchain/xupercore/kernel/engines/xuperos/xtoken/types.go:105.66,107.2 1 1
github.com/xuperchain/xupercore/kernel/engines/xuperos/xtoken/types.go:109.56,111.2 1 1
github.com/xuperchain/xupercore/kernel/engines/xuperos/xtoken/types.go:113.50,115.2 1 0
github.com/xuperchain/xupercore/kernel/engines/xuperos/xtoken/types.go:119.67,121.2 1 1
github.com/xuperchain/xupercore/kernel/engines/xuperos/xtoken/types.go:123.60,125.2 1 1
github.com/xuperchain/xupercore/kernel/engines/xuperos/xtoken/types.go:127.53,129.2 1 1
github.com/xuperchain/xupercore/kernel/engines/xuperos/xtoken/types.go:132.82,134.2 1 1
github.com/xuperchain/xupercore/kernel/engines/xuperos/xtoken/types.go:137.83,139.2 1 1
github.com/xuperchain/xupercore/kernel/engines/xuperos/xtoken/types.go:142.82,144.2 1 1
github.com/xuperchain/xupercore/kernel/engines/xuperos/xtoken/types.go:146.85,148.2 1 1
github.com/xuperchain/xupercore/kernel/engines/xuperos/xtoken/types.go:150.86,152.2 1 0
github.com/xuperchain/xupercore/kernel/engines/xuperos/xtoken/types.go:154.85,156.2 1 0
github.com/xuperchain/xupercore/kernel/engines/xuperos/xtoken/types.go:159.63,161.2 1 1
github.com/xuperchain/xupercore/kernel/engines/xuperos/xtoken/types.go:163.67,165.2 1 1
github.com/xuperchain/xupercore/kernel/engines/xuperos/xtoken/types.go:169.27,171.2 1 1
github.com/xuperchain/xupercore/kernel/engines/xuperos/xtoken/types.go:173.37,175.2 1 1
github.com/xuperchain/xupercore/kernel/engines/xuperos/xtoken/types.go:178.71,180.2 1 0
github.com/xuperchain/xupercore/kernel/engines/xuperos/xtoken/xtoken_contract.go:29.88,31.21 2 1
github.com/xuperchain/xupercore/kernel/engines/xuperos/xtoken/xtoken_contract.go:34.2,35.18 2 1
github.com/xuperchain/xupercore/kernel/engines/xuperos/xtoken/xtoken_contract.go:38.2,42.3 1 1
github.com/xuperchain/xupercore/kernel/engines/xuperos/xtoken/xtoken_contract.go:31.21,33.3 1 1
github.com/xuperchain/xupercore/kernel/engines/xuperos/xtoken/xtoken_contract.go:35.18,37.3 1 0
github.com/xuperchain/xupercore/kernel/engines/xuperos/xtoken/xtoken_contract.go:47.80,49.16 2 1
github.com/xuperchain/xupercore/kernel/engines/xuperos/xtoken/xtoken_contract.go:52.2,52.9 1 1
github.com/xuperchain/xupercore/kernel/engines/xuperos/xtoken/xtoken_contract.go:55.2,57.37 3 1
github.com/xuperchain/xupercore/kernel/engines/xuperos/xtoken/xtoken_contract.go:63.2,63.53 1 1
github.com/xuperchain/xupercore/kernel/engines/xuperos/xtoken/xtoken_contract.go:66.2,66.55 1 1
github.com/xuperchain/xupercore/kernel/engines/xuperos/xtoken/xtoken_contract.go:71.2,71.59 1 1
github.com/xuperchain/xupercore/kernel/engines/xuperos/xtoken/xtoken_contract.go:76.2,76.55 1 1
github.com/xuperchain/xupercore/kernel/engines/xuperos/xtoken/xtoken_contract.go:80.2,81.16 2 1
github.com/xuperchain/xupercore/kernel/engines/xuperos/xtoken/xtoken_contract.go:84.2,86.8 1 1
github.com/xuperchain/xupercore/kernel/engines/xuperos/xtoken/xtoken_contract.go:49.16,51.3 1 0
github.com/xuperchain/xupercore/kernel/engines/xuperos/xtoken/xtoken_contract.go:52.9,54.3 1 0
github.com/xuperchain/xupercore/kernel/engines/xuperos/xtoken/xtoken_contract.go:57.37,59.3 1 0
github.com/xuperchain/xupercore/kernel/engines/xuperos/xtoken/xtoken_contract.go:59.8,59.60 1 1
github.com/xuperchain/xupercore/kernel/engines/xuperos/xtoken/xtoken_contract.go:59.60,61.3 1 0
github.com/xuperchain/xupercore/kernel/engines/xuperos/xtoken/xtoken_contract.go:63.53,65.3 1 0
github.com/xuperchain/xupercore/kernel/engines/xuperos/xtoken/xtoken_contract.go:66.55,68.3 1 0
github.com/xuperchain/xupercore/kernel/engines/xuperos/xtoken/xtoken_contract.go:71.59,73.3 1 0
github.com/xuperchain/xupercore/kernel/engines/xuperos/xtoken/xtoken_contract.go:76.55,78.3 1 0
github.com/xuperchain/xupercore/kernel/engines/xuperos/xtoken/xtoken_contract.go:81.16,83.3 1 0
github.com/xuperchain/xupercore/kernel/engines/xuperos/xtoken/xtoken_contract.go:89.83,92.16 3 1
github.com/xuperchain/xupercore/kernel/engines/xuperos/xtoken/xtoken_contract.go:95.2,96.16 2 1
github.com/xuperchain/xupercore/kernel/engines/xuperos/xtoken/xtoken_contract.go:99.2,102.8 1 1
github.com/xuperchain/xupercore/kernel/engines/xuperos/xtoken/xtoken_contract.go:92.16,94.3 1 0
github.com/xuperchain/xupercore/kernel/engines/xuperos/xtoken/xtoken_contract.go:96.16,98.3 1 0
github.com/xuperchain/xupercore/kernel/engines/xuperos/xtoken/xtoken_contract.go:105.81,108.46 3 1
github.com/xuperchain/xupercore/kernel/engines/xuperos/xtoken/xtoken_contract.go:111.2,112.16 2 1
github.com/xuperchain/xupercore/kernel/engines/xuperos/xtoken/xtoken_contract.go:115.2,118.39 2 1
github.com/xuperchain/xupercore/kernel/engines/xuperos/xtoken/xtoken_contract.go:129.2,130.16 2 1
github.com/xuperchain/xupercore/kernel/engines/xuperos/xtoken/xtoken_contract.go:133.2,135.16 3 1
github.com/xuperchain/xupercore/kernel/engines/xuperos/xtoken/xtoken_contract.go:139.2,140.16 2 1
github.com/xuperchain/xupercore/kernel/engines/xuperos/xtoken/xtoken_contract.go:143.2,146.8 1 1
github.com/xuperchain/xupercore/kernel/engines/xuperos/xtoken/xtoken_contract.go:108.46,110.3 1 0
github.com/xuperchain/xupercore/kernel/engines/xuperos/xtoken/xtoken_contract.go:112.16,114.3 1 0
github.com/xuperchain/xupercore/kernel/engines/xuperos/xtoken/xtoken_contract.go:118.39,121.17 2 0
github.com/xuperchain/xupercore/kernel/engines/xuperos/xtoken/xtoken_contract.go:124.3,127.9 1 0
github.com/xuperchain/xupercore/kernel/engines/xuperos/xtoken/xtoken_contract.go:121.17,123.4 1 0
github.com/xuperchain/xupercore/kernel/engines/xuperos/xtoken/xtoken_contract.go:130.16,132.3 1 0
github.com/xuperchain/xupercore/kernel/engines/xuperos/xtoken/xtoken_contract.go:135.16,137.3 1 0
github.com/xuperchain/xupercore/kernel/engines/xuperos/xtoken/xtoken_contract.go:140.16,142.3 1 0
github.com/xuperchain/xupercore/kernel/engines/xuperos/xtoken/xtoken_contract.go:149.80,153.65 4 1
github.com/xuperchain/xupercore/kernel/engines/xuperos/xtoken/xtoken_contract.go:157.2,158.9 2 1
github.com/xuperchain/xupercore/kernel/engines/xuperos/xtoken/xtoken_contract.go:161.2,161.35 1 1
github.com/xuperchain/xupercore/kernel/engines/xuperos/xtoken/xtoken_contract.go:164.2,166.16 3 1
github.com/xuperchain/xupercore/kernel/engines/xuperos/xtoken/xtoken_contract.go:170.2,170.67 1 1
github.com/xuperchain/xupercore/kernel/engines/xuperos/xtoken/xtoken_contract.go:174.2,175.16 2 1
github.com/xuperchain/xupercore/kernel/engines/xuperos/xtoken/xtoken_contract.go:180.2,181.27 2 1
github.com/xuperchain/xupercore/kernel/engines/xuperos/xtoken/xtoken_contract.go:186.2,186.86 1 1
github.com/xuperchain/xupercore/kernel/engines/xuperos/xtoken/xtoken_contract.go:189.2,189.89 1 1
github.com/xuperchain/xupercore/kernel/engines/xuperos/xtoken/xtoken_contract.go:194.2,196.16 3 1
github.com/xuperchain/xupercore/kernel/engines/xuperos/xtoken/xtoken_contract.go:201.2,202.16 2 1
github.com/xuperchain/xupercore/kernel/engines/xuperos/xtoken/xtoken_contract.go:205.2,207.16 3 1
github.com/xuperchain/xupercore/kernel/engines/xuperos/xtoken/xtoken_contract.go:211.2,212.16 2 1
github.com/xuperchain/xupercore/kernel/engines/xuperos/xtoken/xtoken_contract.go:215.2,217.8 1 1
github.com/xuperchain/xupercore/kernel/engines/xuperos/xtoken/xtoken_contract.go:153.65,155.3 1 0
github.com/xuperchain/xupercore/kernel/engines/xuperos/xtoken/xtoken_contract.go:158.9,160.3 1 0
github.com/xuperchain/xupercore/kernel/engines/xuperos/xtoken/xtoken_contract.go:161.35,163.3 1 0
github.com/xuperchain/xupercore/kernel/engines/xuperos/xtoken/xtoken_contract.go:166.16,168.3 1 0
github.com/xuperchain/xupercore/kernel/engines/xuperos/xtoken/xtoken_contract.go:170.67,172.3 1 0
github.com/xuperchain/xupercore/kernel/engines/xuperos/xtoken/xtoken_contract.go:175.16,177.3 1 0
github.com/xuperchain/xupercore/kernel/engines/xuperos/xtoken/xtoken_contract.go:181.27,183.3 1 1
github.com/xuperchain/xupercore/kernel/engines/xuperos/xtoken/xtoken_contract.go:186.86,188.3 1 0
github.com/xuperchain/xupercore/kernel/engines/xuperos/xtoken/xtoken_contract.go:189.89,191.3 1 0
github.com/xuperchain/xupercore/kernel/engines/xuperos/xtoken/xtoken_contract.go:196.16,198.3 1 0
github.com/xuperchain/xupercore/kernel/engines/xuperos/xtoken/xtoken_contract.go:202.16,204.3 1 0
github.com/xuperchain/xupercore/kernel/engines/xuperos/xtoken/xtoken_contract.go:207.16,209.3 1 0
github.com/xuperchain/xupercore/kernel/engines/xuperos/xtoken/xtoken_contract.go:212.16,214.3 1 0
github.com/xuperchain/xupercore/kernel/engines/xuperos/xtoken/xtoken_contract.go:220.84,225.83 5 1
github.com/xuperchain/xupercore/kernel/engines/xuperos/xtoken/xtoken_contract.go:228.2,229.9 2 1
github.com/xuperchain/xupercore/kernel/engines/xuperos/xtoken/xtoken_contract.go:232.2,232.35 1 1
github.com/xuperchain/xupercore/kernel/engines/xuperos/xtoken/xtoken_contract.go:236.2,237.16 2 1
github.com/xuperchain/xupercore/kernel/engines/xuperos/xtoken/xtoken_contract.go:240.2,241.9 2 1
github.com/xuperchain/xupercore/kernel/engines/xuperos/xtoken/xtoken_contract.go:245.2,245.33 1 1
github.com/xuperchain/xupercore/kernel/engines/xuperos/xtoken/xtoken_contract.go:250.2,251.16 2 1
github.com/xuperchain/xupercore/kernel/engines/xuperos/xtoken/xtoken_contract.go:254.2,254.28 1 1
github.com/xuperchain/xupercore/kernel/engines/xuperos/xtoken/xtoken_contract.go:257.2,258.16 2 1
github.com/xuperchain/xupercore/kernel/engines/xuperos/xtoken/xtoken_contract.go:261.2,262.27 2 1
github.com/xuperchain/xupercore/kernel/engines/xuperos/xtoken/xtoken_contract.go:266.2,266.75 1 1
github.com/xuperchain/xupercore/kernel/engines/xuperos/xtoken/xtoken_contract.go:269.2,269.78 1 1
github.com/xuperchain/xupercore/kernel/engines/xuperos/xtoken/xtoken_contract.go:274.2,276.16 3 1
github.com/xuperchain/xupercore/kernel/engines/xuperos/xtoken/xtoken_contract.go:281.2,282.16 2 1
github.com/xuperchain/xupercore/kernel/engines/xuperos/xtoken/xtoken_contract.go:285.2,287.16 3 1
github.com/xuperchain/xupercore/kernel/engines/xuperos/xtoken/xtoken_contract.go:292.2,295.16 4 1
github.com/xuperchain/xupercore/kernel/engines/xuperos/xtoken/xtoken_contract.go:299.2,300.16 2 1
github.com/xuperchain/xupercore/kernel/engines/xuperos/xtoken/xtoken_contract.go:303.2,305.8 1 1
github.com/xuperchain/xupercore/kernel/engines/xuperos/xtoken/xtoken_contract.go:225.83,227.3 1 0
github.com/xuperchain/xupercore/kernel/engines/xuperos/xtoken/xtoken_contract.go:229.9,231.3 1 0
github.com/xuperchain/xupercore/kernel/engines/xuperos/xtoken/xtoken_contract.go:232.35,234.3 1 0
github.com/xuperchain/xupercore/kernel/engines/xuperos/xtoken/xtoken_contract.go:237.16,239.3 1 0
github.com/xuperchain/xupercore/kernel/engines/xuperos/xtoken/xtoken_contract.go:241.9,243.3 1 0
github.com/xuperchain/xupercore/kernel/engines/xuperos/xtoken/xtoken_contract.go:245.33,247.3 1 0
github.com/xuperchain/xupercore/kernel/engines/xuperos/xtoken/xtoken_contract.go:251.16,253.3 1 0
github.com/xuperchain/xupercore/kernel/engines/xuperos/xtoken/xtoken_contract.go:254.28,256.3 1 0
github.com/xuperchain/xupercore/kernel/engines/xuperos/xtoken/xtoken_contract.go:258.16,260.3 1 0
github.com/xuperchain/xupercore/kernel/engines/xuperos/xtoken/xtoken_contract.go:262.27,264.3 1 0
github.com/xuperchain/xupercore/kernel/engines/xuperos/xtoken/xtoken_contract.go:266.75,268.3 1 0
github.com/xuperchain/xupercore/kernel/engines/xuperos/xtoken/xtoken_contract.go:269.78,271.3 1 0
github.com/xuperchain/xupercore/kernel/engines/xuperos/xtoken/xtoken_contract.go:276.16,278.3 1 0
github.com/xuperchain/xupercore/kernel/engines/xuperos/xtoken/xtoken_contract.go:282.16,284.3 1 0
github.com/xuperchain/xupercore/kernel/engines/xuperos/xtoken/xtoken_contract.go:287.16,289.3 1 0
github.com/xuperchain/xupercore/kernel/engines/xuperos/xtoken/xtoken_contract.go:295.16,297.3 1 0
github.com/xuperchain/xupercore/kernel/engines/xuperos/xtoken/xtoken_contract.go:300.16,302.3 1 0
github.com/xuperchain/xupercore/kernel/engines/xuperos/xtoken/xtoken_contract.go:309.79,313.70 4 1
github.com/xuperchain/xupercore/kernel/engines/xuperos/xtoken/xtoken_contract.go:316.2,317.9 2 1
github.com/xuperchain/xupercore/kernel/engines/xuperos/xtoken/xtoken_contract.go:320.2,320.35 1 1
github.com/xuperchain/xupercore/kernel/engines/xuperos/xtoken/xtoken_contract.go:323.2,326.16 3 1
github.com/xuperchain/xupercore/kernel/engines/xuperos/xtoken/xtoken_contract.go:330.2,330.24 1 1
github.com/xuperchain/xupercore/kernel/engines/xuperos/xtoken/xtoken_contract.go:334.2,335.16 2 1
github.com/xuperchain/xupercore/kernel/engines/xuperos/xtoken/xtoken_contract.go:338.2,340.16 3 1
github.com/xuperchain/xupercore/kernel/engines/xuperos/xtoken/xtoken_contract.go:344.2,345.16 2 1
github.com/xuperchain/xupercore/kernel/engines/xuperos/xtoken/xtoken_contract.go:348.2,350.8 1 1
github.com/xuperchain/xupercore/kernel/engines/xuperos/xtoken/xtoken_contract.go:313.70,315.3 1 0
github.com/xuperchain/xupercore/kernel/engines/xuperos/xtoken/xtoken_contract.go:317.9,319.3 1 0
github.com/xuperchain/xupercore/kernel/engines/xuperos/xtoken/xtoken_contract.go:320.35,322.3 1 0
github.com/xuperchain/xupercore/kernel/engines/xuperos/xtoken/xtoken_contract.go:326.16,328.3 1 0
github.com/xuperchain/xupercore/kernel/engines/xuperos/xtoken/xtoken_contract.go:330.24,332.3 1 0
github.com/xuperchain/xupercore/kernel/engines/xuperos/xtoken/xtoken_contract.go:335.16,337.3 1 0
github.com/xuperchain/xupercore/kernel/engines/xuperos/xtoken/xtoken_contract.go:340.16,342.3 1 0
github.com/xuperchain/xupercore/kernel/engines/xuperos/xtoken/xtoken_contract.go:345.16,347.3 1 0
github.com/xuperchain/xupercore/kernel/engines/xuperos/xtoken/xtoken_contract.go:353.81,356.46 3 1
github.com/xuperchain/xupercore/kernel/engines/xuperos/xtoken/xtoken_contract.go:359.2,360.16 2 1
github.com/xuperchain/xupercore/kernel/engines/xuperos/xtoken/xtoken_contract.go:364.2,365.16 2 1
github.com/xuperchain/xupercore/kernel/engines/xuperos/xtoken/xtoken_contract.go:369.2,369.37 1 1
github.com/xuperchain/xupercore/kernel/engines/xuperos/xtoken/xtoken_contract.go:356.46,358.3 1 0
github.com/xuperchain/xupercore/kernel/engines/xuperos/xtoken/xtoken_contract.go:360.16,362.3 1 0
github.com/xuperchain/xupercore/kernel/engines/xuperos/xtoken/xtoken_contract.go:365.16,367.3 1 0
github.com/xuperchain/xupercore/kernel/engines/xuperos/xtoken/xtoken_contract.go:369.37,374.3 1 0
github.com/xuperchain/xupercore/kernel/engines/xuperos/xtoken/xtoken_contract.go:374.8,379.3 1 1
github.com/xuperchain/xupercore/kernel/engines/xuperos/xtoken/xtoken_contract.go:382.81,385.44 3 1
github.com/xuperchain/xupercore/kernel/engines/xuperos/xtoken/xtoken_contract.go:388.2,389.16 2 1
github.com/xuperchain/xupercore/kernel/engines/xuperos/xtoken/xtoken_contract.go:393.2,393.62 1 1
github.com/xuperchain/xupercore/kernel/engines/xuperos/xtoken/xtoken_contract.go:397.2,397.29 1 1
github.com/xuperchain/xupercore/kernel/engines/xuperos/xtoken/xtoken_contract.go:401.2,402.9 2 1
github.com/xuperchain/xupercore/kernel/engines/xuperos/xtoken/xtoken_contract.go:405.2,405.33 1 1
github.com/xuperchain/xupercore/kernel/engines/xuperos/xtoken/xtoken_contract.go:408.2,410.16 3 1
github.com/xuperchain/xupercore/kernel/engines/xuperos/xtoken/xtoken_contract.go:414.2,415.16 2 1
github.com/xuperchain/xupercore/kernel/engines/xuperos/xtoken/xtoken_contract.go:420.2,421.16 2 1
github.com/xuperchain/xupercore/kernel/engines/xuperos/xtoken/xtoken_contract.go:424.2,425.16 2 1
github.com/xuperchain/xupercore/kernel/engines/xuperos/xtoken/xtoken_contract.go:429.2,430.16 2 1
github.com/xuperchain/xupercore/kernel/engines/xuperos/xtoken/xtoken_contract.go:433.2,435.8 1 1
github.com/xuperchain/xupercore/kernel/engines/xuperos/xtoken/xtoken_contract.go:385.44,387.3 1 0
github.com/xuperchain/xupercore/kernel/engines/xuperos/xtoken/xtoken_contract.go:389.16,391.3 1 0
github.com/xuperchain/xupercore/kernel/engines/xuperos/xtoken/xtoken_contract.go:393.62,395.3 1 0
github.com/xuperchain/xupercore/kernel/engines/xuperos/xtoken/xtoken_contract.go:397.29,399.3 1 0
github.com/xuperchain/xupercore/kernel/engines/xuperos/xtoken/xtoken_contract.go:402.9,404.3 1 0
github.com/xuperchain/xupercore/kernel/engines/xuperos/xtoken/xtoken_contract.go:405.33,407.3 1 0
github.com/xuperchain/xupercore/kernel/engines/xuperos/xtoken/xtoken_contract.go:410.16,412.3 1 0
github.com/xuperchain/xupercore/kernel/engines/xuperos/xtoken/xtoken_contract.go:415.16,417.3 1 0
github.com/xuperchain/xupercore/kernel/engines/xuperos/xtoken/xtoken_contract.go:421.16,423.3 1 0
github.com/xuperchain/xupercore/kernel/engines/xuperos/xtoken/xtoken_contract.go:425.16,427.3 1 0
github.com/xuperchain/xupercore/kernel/engines/xuperos/xtoken/xtoken_contract.go:430.16,432.3 1 0
github.com/xuperchain/xupercore/kernel/engines/xuperos/xtoken/xtoken_contract.go:438.76,441.44 3 1
github.com/xuperchain/xupercore/kernel/engines/xuperos/xtoken/xtoken_contract.go:444.2,445.16 2 1
github.com/xuperchain/xupercore/kernel/engines/xuperos/xtoken/xtoken_contract.go:449.2,449.24 1 1
github.com/xuperchain/xupercore/kernel/engines/xuperos/xtoken/xtoken_contract.go:453.2,454.9 2 1
github.com/xuperchain/xupercore/kernel/engines/xuperos/xtoken/xtoken_contract.go:457.2,457.34 1 1
github.com/xuperchain/xupercore/kernel/engines/xuperos/xtoken/xtoken_contract.go:461.2,462.16 2 1
github.com/xuperchain/xupercore/kernel/engines/xuperos/xtoken/xtoken_contract.go:465.2,465.23 1 1
github.com/xuperchain/xupercore/kernel/engines/xuperos/xtoken/xtoken_contract.go:470.2,471.16 2 1
github.com/xuperchain/xupercore/kernel/engines/xuperos/xtoken/xtoken_contract.go:474.2,475.26 2 1
github.com/xuperchain/xupercore/kernel/engines/xuperos/xtoken/xtoken_contract.go:479.2,479.87 1 1
github.com/xuperchain/xupercore/kernel/engines/xuperos/xtoken/xtoken_contract.go:482.2,482.90 1 1
github.com/xuperchain/xupercore/kernel/engines/xuperos/xtoken/xtoken_contract.go:487.2,488.16 2 1
github.com/xuperchain/xupercore/kernel/engines/xuperos/xtoken/xtoken_contract.go:492.2,494.16 3 1
github.com/xuperchain/xupercore/kernel/engines/xuperos/xtoken/xtoken_contract.go:498.2,499.16 2 1
github.com/xuperchain/xupercore/kernel/engines/xuperos/xtoken/xtoken_contract.go:503.2,504.16 2 1
github.com/xuperchain/xupercore/kernel/engines/xuperos/xtoken/xtoken_contract.go:507.2,509.8 1 1
github.com/xuperchain/xupercore/kernel/engines/xuperos/xtoken/xtoken_contract.go:441.44,443.3 1 0
github.com/xuperchain/xupercore/kernel/engines/xuperos/xtoken/xtoken_contract.go:445.16,447.3 1 0
github.com/xuperchain/xupercore/kernel/engines/xuperos/xtoken/xtoken_contract.go:449.24,451.3 1 0
github.com/xuperchain/xupercore/kernel/engines/xuperos/xtoken/xtoken_contract.go:454.9,456.3 1 0
github.com/xuperchain/xupercore/kernel/engines/xuperos/xtoken/xtoken_contract.go:457.34,459.3 1 0
github.com/xuperchain/xupercore/kernel/engines/xuperos/xtoken/xtoken_contract.go:462.16,464.3 1 0
github.com/xuperchain/xupercore/kernel/engines/xuperos/xtoken/xtoken_contract.go:465.23,467.3 1 0
github.com/xuperchain/xupercore/kernel/engines/xuperos/xtoken/xtoken_contract.go:471.16,473.3 1 0
github.com/xuperchain/xupercore/kernel/engines/xuperos/xtoken/xtoken_contract.go:475.26,477.3 1 0
github.com/xuperchain/xupercore/kernel/engines/xuperos/xtoken/xtoken_contract.go:479.87,481.3 1 0
github.com/xuperchain/xupercore/kernel/engines/xuperos/xtoken/xtoken_contract.go:482.90,484.3 1 0
github.com/xuperchain/xupercore/kernel/engines/xuperos/xtoken/xtoken_contract.go:488.16,490.3 1 0
github.com/xuperchain/xupercore/kernel/engines/xuperos/xtoken/xtoken_contract.go:494.16,496.3 1 0
github.com/xuperchain/xupercore/kernel/engines/xuperos/xtoken/xtoken_contract.go:499.16,501.3 1 0
github.com/xuperchain/xupercore/kernel/engines/xuperos/xtoken/xtoken_contract.go:504.16,506.3 1 0
github.com/xuperchain/xupercore/kernel/engines/xuperos/xtoken/xtoken_contract.go:512.82,514.25 2 1
github.com/xuperchain/xupercore/kernel/engines/xuperos/xtoken/xtoken_contract.go:517.2,518.16 2 1
github.com/xuperchain/xupercore/kernel/engines/xuperos/xtoken/xtoken_contract.go:521.2,522.16 2 1
github.com/xuperchain/xupercore/kernel/engines/xuperos/xtoken/xtoken_contract.go:525.2,526.16 2 1
github.com/xuperchain/xupercore/kernel/engines/xuperos/xtoken/xtoken_contract.go:529.2,532.8 1 1
github.com/xuperchain/xupercore/kernel/engines/xuperos/xtoken/xtoken_contract.go:514.25,516.3 1 0
github.com/xuperchain/xupercore/kernel/engines/xuperos/xtoken/xtoken_contract.go:518.16,520.3 1 0
github.com/xuperchain/xupercore/kernel/engines/xuperos/xtoken/xtoken_contract.go:522.16,524.3 1 0
github.com/xuperchain/xupercore/kernel/engines/xuperos/xtoken/xtoken_contract.go:526.16,528.3 1 0
github.com/xuperchain/xupercore/kernel/engines/xuperos/xtoken/xtoken_contract.go:535.87,537.25 2 1
github.com/xuperchain/xupercore/kernel/engines/xuperos/xtoken/xtoken_contract.go:540.2,541.16 2 1
github.com/xuperchain/xupercore/kernel/engines/xuperos/xtoken/xtoken_contract.go:545.2,546.16 2 1
github.com/xuperchain/xupercore/kernel/engines/xuperos/xtoken/xtoken_contract.go:549.2,552.8 1 1
github.com/xuperchain/xupercore/kernel/engines/xuperos/xtoken/xtoken_contract.go:537.25,539.3 1 0
github.com/xuperchain/xupercore/kernel/engines/xuperos/xtoken/xtoken_contract.go:541.16,543.3 1 0
github.com/xuperchain/xupercore/kernel/engines/xuperos/xtoken/xtoken_contract.go:546.16,548.3 1 0
github.com/xuperchain/xupercore/kernel/engines/xuperos/xtoken/xtoken_contract.go:555.79,557.80 2 1
github.com/xuperchain/xupercore/kernel/engines/xuperos/xtoken/xtoken_contract.go:560.2,560.21 1 1
github.com/xuperchain/xupercore/kernel/engines/xuperos/xtoken/xtoken_contract.go:563.2,563.39 1 1
github.com/xuperchain/xupercore/kernel/engines/xuperos/xtoken/xtoken_contract.go:568.2,568.56 1 1
github.com/xuperchain/xupercore/kernel/engines/xuperos/xtoken/xtoken_contract.go:571.2,572.38 2 1
github.com/xuperchain/xupercore/kernel/engines/xuperos/xtoken/xtoken_contract.go:591.2,591.34 1 1
github.com/xuperchain/xupercore/kernel/engines/xuperos/xtoken/xtoken_contract.go:595.2,595.130 1 1
github.com/xuperchain/xupercore/kernel/engines/xuperos/xtoken/xtoken_contract.go:600.2,600.48 1 1
github.com/xuperchain/xupercore/kernel/engines/xuperos/xtoken/xtoken_contract.go:614.2,614.12 1 1
github.com/xuperchain/xupercore/kernel/engines/xuperos/xtoken/xtoken_contract.go:557.80,559.3 1 0
github.com/xuperchain/xupercore/kernel/engines/xuperos/xtoken/xtoken_contract.go:560.21,562.3 1 0
github.com/xuperchain/xupercore/kernel/engines/xuperos/xtoken/xtoken_contract.go:563.39,566.3 1 0
github.com/xuperchain/xupercore/kernel/engines/xuperos/xtoken/xtoken_contract.go:568.56,570.3 1 0
github.com/xuperchain/xupercore/kernel/engines/xuperos/xtoken/xtoken_contract.go:572.38,574.52 2 1
github.com/xuperchain/xupercore/kernel/engines/xuperos/xtoken/xtoken_contract.go:586.3,586.39 1 1
github.com/xuperchain/xupercore/kernel/engines/xuperos/xtoken/xtoken_contract.go:574.52,575.37 1 1
github.com/xuperchain/xupercore/kernel/engines/xuperos/xtoken/xtoken_contract.go:578.4,578.22 1 1
github.com/xuperchain/xupercore/kernel/engines/xuperos/xtoken/xtoken_contract.go:581.4,581.21 1 1
github.com/xuperchain/xupercore/kernel/engines/xuperos/xtoken/xtoken_contract.go:584.4,584.35 1 1
github.com/xuperchain/xupercore/kernel/engines/xuperos/xtoken/xtoken_contract.go:575.37,577.5 1 0
github.com/xuperchain/xupercore/kernel/engines/xuperos/xtoken/xtoken_contract.go:578.22,580.5 1 0
github.com/xuperchain/xupercore/kernel/engines/xuperos/xtoken/xtoken_contract.go:581.21,583.5 1 0
github.com/xuperchain/xupercore/kernel/engines/xuperos/xtoken/xtoken_contract.go:586.39,588.4 1 0
github.com/xuperchain/xupercore/kernel/engines/xuperos/xtoken/xtoken_contract.go:591.34,593.3 1 0
github.com/xuperchain/xupercore/kernel/engines/xuperos/xtoken/xtoken_contract.go:595.130,597.3 1 0
github.com/xuperchain/xupercore/kernel/engines/xuperos/xtoken/xtoken_contract.go:600.48,601.55 1 1
github.com/xuperchain/xupercore/kernel/engines/xuperos/xtoken/xtoken_contract.go:601.55,602.21 1 1
github.com/xuperchain/xupercore/kernel/engines/xuperos/xtoken/xtoken_contract.go:605.4,605.19 1 1
github.com/xuperchain/xupercore/kernel/engines/xuperos/xtoken/xtoken_contract.go:608.4,608.35 1 1
github.com/xuperchain/xupercore/kernel/engines/xuperos/xtoken/xtoken_contract.go:602.21,604.5 1 0
github.com/xuperchain/xupercore/kernel/engines/xuperos/xtoken/xtoken_contract.go:605.19,607.5 1 1
github.com/xuperchain/xupercore/kernel/engines/xuperos/xtoken/xtoken_contract.go:608.35,610.5 1 0
github.com/xuperchain/xupercore/kernel/engines/xuperos/xtoken/xtoken_contract.go:617.85,619.16 2 1
github.com/xuperchain/xupercore/kernel/engines/xuperos/xtoken/xtoken_contract.go:623.2,624.16 2 1
github.com/xuperchain/xupercore/kernel/engines/xuperos/xtoken/xtoken_contract.go:628.2,630.16 3 1
github.com/xuperchain/xupercore/kernel/engines/xuperos/xtoken/xtoken_contract.go:635.2,635.34 1 1
github.com/xuperchain/xupercore/kernel/engines/xuperos/xtoken/xtoken_contract.go:645.2,645.12 1 1
github.com/xuperchain/xupercore/kernel/engines/xuperos/xtoken/xtoken_contract.go:619.16,621.3 1 0
github.com/xuperchain/xupercore/kernel/engines/xuperos/xtoken/xtoken_contract.go:624.16,626.3 1 0
github.com/xuperchain/xupercore/kernel/engines/xuperos/xtoken/xtoken_contract.go:630.16,632.3 1 0
github.com/xuperchain/xupercore/kernel/engines/xuperos/xtoken/xtoken_contract.go:635.34,636.55 1 1
github.com/xuperchain/xupercore/kernel/engines/xuperos/xtoken/xtoken_contract.go:636.55,637.61 1 1
github.com/xuperchain/xupercore/kernel/engines/xuperos/xtoken/xtoken_contract.go:640.4,640.75 1 1
github.com/xuperchain/xupercore/kernel/engines/xuperos/xtoken/xtoken_contract.go:637.61,639.5 1 0
github.com/xuperchain/xupercore/kernel/engines/xuperos/xtoken/xtoken_contract.go:640.75,642.5 1 0
github.com/xuperchain/xupercore/kernel/engines/xuperos/xtoken/xtoken_contract.go:648.81,651.51 2 1
github.com/xuperchain/xupercore/kernel/engines/xuperos/xtoken/xtoken_contract.go:658.2,661.16 4 1
github.com/xuperchain/xupercore/kernel/engines/xuperos/xtoken/xtoken_contract.go:665.2,665.12 1 1
github.com/xuperchain/xupercore/kernel/engines/xuperos/xtoken/xtoken_contract.go:651.51,654.17 3 1
github.com/xuperchain/xupercore/kernel/engines/xuperos/xtoken/xtoken_contract.go:654.17,656.4 1 0
github.com/xuperchain/xupercore/kernel/engines/xuperos/xtoken/xtoken_contract.go:661.16,663.3 1 0
github.com/xuperchain/xupercore/kernel/engines/xuperos/xtoken/xtoken_contract.go:667.111,669.16 2 1
github.com/xuperchain/xupercore/kernel/engines/xuperos/xtoken/xtoken_contract.go:672.2,673.16 2 1
github.com/xuperchain/xupercore/kernel/engines/xuperos/xtoken/xtoken_contract.go:676.2,676.12 1 1
github.com/xuperchain/xupercore/kernel/engines/xuperos/xtoken/xtoken_contract.go:669.16,671.3 1 0
github.com/xuperchain/xupercore/kernel/engines/xuperos/xtoken/xtoken_contract.go:673.16,675.3 1 0
github.com/xuperchain/xupercore/kernel/engines/xuperos/xtoken/xtoken_contract.go:679.110,682.80 3 1
github.com/xuperchain/xupercore/kernel/engines/xuperos/xtoken/xtoken_contract.go:685.2,686.21 2 1
github.com/xuperchain/xupercore/kernel/engines/xuperos/xtoken/xtoken_contract.go:689.2,690.16 2 1
github.com/xuperchain/xupercore/kernel/engines/xuperos/xtoken/xtoken_contract.go:693.2,693.18 1 1
github.com/xuperchain/xupercore/kernel/engines/xuperos/xtoken/xtoken_contract.go:682.80,684.3 1 0
github.com/xuperchain/xupercore/kernel/engines/xuperos/xtoken/xtoken_contract.go:686.21,688.3 1 1
github.com/xuperchain/xupercore/kernel/engines/xuperos/xtoken/xtoken_contract.go:690.16,692.3 1 0
github.com/xuperchain/xupercore/kernel/engines/xuperos/xtoken/xtoken_contract.go:697.114,699.16 2 1
github.com/xuperchain/xupercore/kernel/engines/xuperos/xtoken/xtoken_contract.go:702.2,703.44 2 1
github.com/xuperchain/xupercore/kernel/engines/xuperos/xtoken/xtoken_contract.go:699.16,701.3 1 0
github.com/xuperchain/xupercore/kernel/engines/xuperos/xtoken/xtoken_contract.go:707.105,709.16 2 1
github.com/xuperchain/xupercore/kernel/engines/xuperos/xtoken/xtoken_contract.go:712.2,716.51 2 1
github.com/xuperchain/xupercore/kernel/engines/xuperos/xtoken/xtoken_contract.go:733.2,734.16 2 1
github.com/xuperchain/xupercore/kernel/engines/xuperos/xtoken/xtoken_contract.go:738.2,738.53 1 1
github.com/xuperchain/xupercore/kernel/engines/xuperos/xtoken/xtoken_contract.go:753.2,753.17 1 1
github.com/xuperchain/xupercore/kernel/engines/xuperos/xtoken/xtoken_contract.go:709.16,711.3 1 0
github.com/xuperchain/xupercore/kernel/engines/xuperos/xtoken/xtoken_contract.go:716.51,717.42 1 1
github.com/xuperchain/xupercore/kernel/engines/xuperos/xtoken/xtoken_contract.go:717.42,718.28 1 1
github.com/xuperchain/xupercore/kernel/engines/xuperos/xtoken/xtoken_contract.go:721.4,723.18 3 1
github.com/xuperchain/xupercore/kernel/engines/xuperos/xtoken/xtoken_contract.go:726.4,726.34 1 1
github.com/xuperchain/xupercore/kernel/engines/xuperos/xtoken/xtoken_contract.go:718.28,719.13 1 0
github.com/xuperchain/xupercore/kernel/engines/xuperos/xtoken/xtoken_contract.go:723.18,725.5 1 0
github.com/xuperchain/xupercore/kernel/engines/xuperos/xtoken/xtoken_contract.go:726.34,728.5 1 1
github.com/xuperchain/xupercore/kernel/engines/xuperos/xtoken/xtoken_contract.go:734.16,736.3 1 0
github.com/xuperchain/xupercore/kernel/engines/xuperos/xtoken/xtoken_contract.go:738.53,739.42 1 1
github.com/xuperchain/xupercore/kernel/engines/xuperos/xtoken/xtoken_contract.go:739.42,740.28 1 1
github.com/xuperchain/xupercore/kernel/engines/xuperos/xtoken/xtoken_contract.go:743.4,745.18 3 1
github.com/xuperchain/xupercore/kernel/engines/xuperos/xtoken/xtoken_contract.go:748.4,748.34 1 1
github.com/xuperchain/xupercore/kernel/engines/xuperos/xtoken/xtoken_contract.go:740.28,741.13 1 0
github.com/xuperchain/xupercore/kernel/engines/xuperos/xtoken/xtoken_contract.go:745.18,747.5 1 0
github.com/xuperchain/xupercore/kernel/engines/xuperos/xtoken/xtoken_contract.go:748.34,750.5 1 1
github.com/xuperchain/xupercore/kernel/engines/xuperos/xtoken/xtoken_contract.go:756.87,758.80 2 1
github.com/xuperchain/xupercore/kernel/engines/xuperos/xtoken/xtoken_contract.go:761.2,761.21 1 1
github.com/xuperchain/xupercore/kernel/engines/xuperos/xtoken/xtoken_contract.go:764.2,766.16 3 1
github.com/xuperchain/xupercore/kernel/engines/xuperos/xtoken/xtoken_contract.go:769.2,769.19 1 1
github.com/xuperchain/xupercore/kernel/engines/xuperos/xtoken/xtoken_contract.go:758.80,760.3 1 0
github.com/xuperchain/xupercore/kernel/engines/xuperos/xtoken/xtoken_contract.go:761.21,763.3 1 0
github.com/xuperchain/xupercore/kernel/engines/xuperos/xtoken/xtoken_contract.go:766.16,768.3 1 0
github.com/xuperchain/xupercore/kernel/engines/xuperos/xtoken/xtoken_contract.go:772.91,774.80 2 1
github.com/xuperchain/xupercore/kernel/engines/xuperos/xtoken/xtoken_contract.go:777.2,777.21 1 1
github.com/xuperchain/xupercore/kernel/engines/xuperos/xtoken/xtoken_contract.go:780.2,780.27 1 1
github.com/xuperchain/xupercore/kernel/engines/xuperos/xtoken/xtoken_contract.go:774.80,776.3 1 0
github.com/xuperchain/xupercore/kernel/engines/xuperos/xtoken/xtoken_contract.go:777.21,779.3 1 0
github.com/xuperchain/xupercore/kernel/engines/xuperos/xtoken/xtoken_contract.go:783.80,785.16 2 1
github.com/xuperchain/xupercore/kernel/engines/xuperos/xtoken/xtoken_contract.go:788.2,788.30 1 1
github.com/xuperchain/xupercore/kernel/engines/xuperos/xtoken/xtoken_contract.go:791.2,791.12 1 1
github.com/xuperchain/xupercore/kernel/engines/xuperos/xtoken/xtoken_contract.go:785.16,787.3 1 0
github.com/xuperchain/xupercore/kernel/engines/xuperos/xtoken/xtoken_contract.go:788.30,790.3 1 0
github.com/xuperchain/xupercore/kernel/engines/xuperos/xtoken/xtoken_contract.go:794.94,797.80 3 1
github.com/xuperchain/xupercore/kernel/engines/xuperos/xtoken/xtoken_contract.go:800.2,801.21 2 1
github.com/xuperchain/xupercore/kernel/engines/xuperos/xtoken/xtoken_contract.go:804.2,805.9 2 1
github.com/xuperchain/xupercore/kernel/engines/xuperos/xtoken/xtoken_contract.go:808.2,808.17 1 1
github.com/xuperchain/xupercore/kernel/engines/xuperos/xtoken/xtoken_contract.go:797.80,799.3 1 0
github.com/xuperchain/xupercore/kernel/engines/xuperos/xtoken/xtoken_contract.go:801.21,803.3 1 1
github.com/xuperchain/xupercore/kernel/engines/xuperos/xtoken/xtoken_contract.go:805.9,807.3 1 0
github.com/xuperchain/xupercore/kernel/engines/xuperos/xtoken/xtoken_contract.go:811.71,814.80 3 1
github.com/xuperchain/xupercore/kernel/engines/xuperos/xtoken/xtoken_contract.go:817.2,818.21 2 1
github.com/xuperchain/xupercore/kernel/engines/xuperos/xtoken/xtoken_contract.go:832.2,836.12 3 1
github.com/xuperchain/xupercore/kernel/engines/xuperos/xtoken/xtoken_contract.go:814.80,816.3 1 0
github.com/xuperchain/xupercore/kernel/engines/xuperos/xtoken/xtoken_contract.go:818.21,822.3 1 1
github.com/xuperchain/xupercore/kernel/engines/xuperos/xtoken/xtoken_contract.go:822.8,826.10 2 0
github.com/xuperchain/xupercore/kernel/engines/xuperos/xtoken/xtoken_contract.go:829.3,829.23 1 0
github.com/xuperchain/xupercore/kernel/engines/xuperos/xtoken/xtoken_contract.go:826.10,828.4 1 0
github.com/xuperchain/xupercore/kernel/engines/xuperos/xtoken/xtoken_manager.go:25.49,26.39 1 0
github.com/xuperchain/xupercore/kernel/engines/xuperos/xtoken/xtoken_manager.go:30.2,32.39 3 0
github.com/xuperchain/xupercore/kernel/engines/xuperos/xtoken/xtoken_manager.go:42.2,75.34 4 0
github.com/xuperchain/xupercore/kernel/engines/xuperos/xtoken/xtoken_manager.go:80.2,80.17 1 0
github.com/xuperchain/xupercore/kernel/engines/xuperos/xtoken/xtoken_manager.go:26.39,28.3 1 0
github.com/xuperchain/xupercore/kernel/engines/xuperos/xtoken/xtoken_manager.go:32.39,35.17 2 0
github.com/xuperchain/xupercore/kernel/engines/xuperos/xtoken/xtoken_manager.go:38.3,39.23 2 0
github.com/xuperchain/xupercore/kernel/engines/xuperos/xtoken/xtoken_manager.go:35.17,37.4 1 0
github.com/xuperchain/xupercore/kernel/engines/xuperos/xtoken/xtoken_manager.go:75.34,76.75 1 0
github.com/xuperchain/xupercore/kernel/engines/xuperos/xtoken/xtoken_manager.go:76.75,78.4 1 0
github.com/xuperchain/xupercore/kernel/engines/xuperos/xtoken/xtoken_manager.go:83.54,87.16 4 0
github.com/xuperchain/xupercore/kernel/engines/xuperos/xtoken/xtoken_manager.go:91.2,95.48 2 0
github.com/xuperchain/xupercore/kernel/engines/xuperos/xtoken/xtoken_manager.go:98.2,98.17 1 0
github.com/xuperchain/xupercore/kernel/engines/xuperos/xtoken/xtoken_manager.go:87.16,89.3 1 0
github.com/xuperchain/xupercore/kernel/engines/xuperos/xtoken/xtoken_manager.go:95.48,97.3 1 0
github.com/xuperchain/xupercore/kernel/engines/xuperos/xtoken/xtoken_permission.go:14.81,17.16 2 1
github.com/xuperchain/xupercore/kernel/engines/xuperos/xtoken/xtoken_permission.go:20.2,20.9 1 1
github.com/xuperchain/xupercore/kernel/engines/xuperos/xtoken/xtoken_permission.go:24.2,25.21 2 1
github.com/xuperchain/xupercore/kernel/engines/xuperos/xtoken/xtoken_permission.go:29.2,30.54 2 1
github.com/xuperchain/xupercore/kernel/engines/xuperos/xtoken/xtoken_permission.go:33.2,33.21 1 1
github.com/xuperchain/xupercore/kernel/engines/xuperos/xtoken/xtoken_permission.go:37.2,38.16 2 1
github.com/xuperchain/xupercore/kernel/engines/xuperos/xtoken/xtoken_permission.go:41.2,41.19 1 1
github.com/xuperchain/xupercore/kernel/engines/xuperos/xtoken/xtoken_permission.go:44.2,44.29 1 1
github.com/xuperchain/xupercore/kernel/engines/xuperos/xtoken/xtoken_permission.go:48.2,49.16 2 1
github.com/xuperchain/xupercore/kernel/engines/xuperos/xtoken/xtoken_permission.go:53.2,54.16 2 1
github.com/xuperchain/xupercore/kernel/engines/xuperos/xtoken/xtoken_permission.go:57.2,59.8 1 1
github.com/xuperchain/xupercore/kernel/engines/xuperos/xtoken/xtoken_permission.go:17.16,19.3 1 0
github.com/xuperchain/xupercore/kernel/engines/xuperos/xtoken/xtoken_permission.go:20.9,22.3 1 0
github.com/xuperchain/xupercore/kernel/engines/xuperos/xtoken/xtoken_permission.go:25.21,27.3 1 0
github.com/xuperchain/xupercore/kernel/engines/xuperos/xtoken/xtoken_permission.go:30.54,32.3 1 0
github.com/xuperchain/xupercore/kernel/engines/xuperos/xtoken/xtoken_permission.go:33.21,35.3 1 0
github.com/xuperchain/xupercore/kernel/engines/xuperos/xtoken/xtoken_permission.go:38.16,40.3 1 0
github.com/xuperchain/xupercore/kernel/engines/xuperos/xtoken/xtoken_permission.go:41.19,43.3 1 1
github.com/xuperchain/xupercore/kernel/engines/xuperos/xtoken/xtoken_permission.go:44.29,46.3 1 1
github.com/xuperchain/xupercore/kernel/engines/xuperos/xtoken/xtoken_permission.go:49.16,51.3 1 0
github.com/xuperchain/xupercore/kernel/engines/xuperos/xtoken/xtoken_permission.go:54.16,56.3 1 0
github.com/xuperchain/xupercore/kernel/engines/xuperos/xtoken/xtoken_permission.go:62.81,65.16 2 1
github.com/xuperchain/xupercore/kernel/engines/xuperos/xtoken/xtoken_permission.go:68.2,68.9 1 1
github.com/xuperchain/xupercore/kernel/engines/xuperos/xtoken/xtoken_permission.go:72.2,73.21 2 1
github.com/xuperchain/xupercore/kernel/engines/xuperos/xtoken/xtoken_permission.go:77.2,78.54 2 1
github.com/xuperchain/xupercore/kernel/engines/xuperos/xtoken/xtoken_permission.go:81.2,81.21 1 1
github.com/xuperchain/xupercore/kernel/engines/xuperos/xtoken/xtoken_permission.go:85.2,86.16 2 1
github.com/xuperchain/xupercore/kernel/engines/xuperos/xtoken/xtoken_permission.go:89.2,89.29 1 1
github.com/xuperchain/xupercore/kernel/engines/xuperos/xtoken/xtoken_permission.go:93.2,94.16 2 1
github.com/xuperchain/xupercore/kernel/engines/xuperos/xtoken/xtoken_permission.go:98.2,99.16 2 1
github.com/xuperchain/xupercore/kernel/engines/xuperos/xtoken/xtoken_permission.go:102.2,104.8 1 1
github.com/xuperchain/xupercore/kernel/engines/xuperos/xtoken/xtoken_permission.go:65.16,67.3 1 0
github.com/xuperchain/xupercore/kernel/engines/xuperos/xtoken/xtoken_permission.go:68.9,70.3 1 0
github.com/xuperchain/xupercore/kernel/engines/xuperos/xtoken/xtoken_permission.go:73.21,75.3 1 0
github.com/xuperchain/xupercore/kernel/engines/xuperos/xtoken/xtoken_permission.go:78.54,80.3 1 0
github.com/xuperchain/xupercore/kernel/engines/xuperos/xtoken/xtoken_permission.go:81.21,83.3 1 0
github.com/xuperchain/xupercore/kernel/engines/xuperos/xtoken/xtoken_permission.go:86.16,88.3 1 0
github.com/xuperchain/xupercore/kernel/engines/xuperos/xtoken/xtoken_permission.go:89.29,91.3 1 1
github.com/xuperchain/xupercore/kernel/engines/xuperos/xtoken/xtoken_permission.go:94.16,96.3 1 0
github.com/xuperchain/xupercore/kernel/engines/xuperos/xtoken/xtoken_permission.go:99.16,101.3 1 0
github.com/xuperchain/xupercore/kernel/engines/xuperos/xtoken/xtoken_permission.go:107.83,109.16 2 1
github.com/xuperchain/xupercore/kernel/engines/xuperos/xtoken/xtoken_permission.go:112.2,113.21 2 1
github.com/xuperchain/xupercore/kernel/engines/xuperos/xtoken/xtoken_permission.go:129.2,130.16 2 1
github.com/xuperchain/xupercore/kernel/engines/xuperos/xtoken/xtoken_permission.go:133.2,136.8 1 1
github.com/xuperchain/xupercore/kernel/engines/xuperos/xtoken/xtoken_permission.go:109.16,111.3 1 0
github.com/xuperchain/xupercore/kernel/engines/xuperos/xtoken/xtoken_permission.go:113.21,115.17 2 1
github.com/xuperchain/xupercore/kernel/engines/xuperos/xtoken/xtoken_permission.go:118.3,118.17 1 1
github.com/xuperchain/xupercore/kernel/engines/xuperos/xtoken/xtoken_permission.go:115.17,117.4 1 0
github.com/xuperchain/xupercore/kernel/engines/xuperos/xtoken/xtoken_permission.go:119.8,120.24 1 0
github.com/xuperchain/xupercore/kernel/engines/xuperos/xtoken/xtoken_permission.go:120.24,122.18 2 0
github.com/xuperchain/xupercore/kernel/engines/xuperos/xtoken/xtoken_permission.go:125.4,125.18 1 0
github.com/xuperchain/xupercore/kernel/engines/xuperos/xtoken/xtoken_permission.go:122.18,124.5 1 0
github.com/xuperchain/xupercore/kernel/engines/xuperos/xtoken/xtoken_permission.go:130.16,132.3 1 0
github.com/xuperchain/xupercore/kernel/engines/xuperos/xtoken/xtoken_permission.go:139.78,142.16 2 1
github.com/xuperchain/xupercore/kernel/engines/xuperos/xtoken/xtoken_permission.go:145.2,145.9 1 1
github.com/xuperchain/xupercore/kernel/engines/xuperos/xtoken/xtoken_permission.go:149.2,151.42 3 1
github.com/xuperchain/xupercore/kernel/engines/xuperos/xtoken/xtoken_permission.go:155.2,156.9 2 1
github.com/xuperchain/xupercore/kernel/engines/xuperos/xtoken/xtoken_permission.go:159.2,160.16 2 1
github.com/xuperchain/xupercore/kernel/engines/xuperos/xtoken/xtoken_permission.go:163.2,164.16 2 1
github.com/xuperchain/xupercore/kernel/engines/xuperos/xtoken/xtoken_permission.go:167.2,169.8 1 1
github.com/xuperchain/xupercore/kernel/engines/xuperos/xtoken/xtoken_permission.go:142.16,144.3 1 0
github.com/xuperchain/xupercore/kernel/engines/xuperos/xtoken/xtoken_permission.go:145.9,147.3 1 0
github.com/xuperchain/xupercore/kernel/engines/xuperos/xtoken/xtoken_permission.go:151.42,153.3 1 0
github.com/xuperchain/xupercore/kernel/engines/xuperos/xtoken/xtoken_permission.go:156.9,158.3 1 0
github.com/xuperchain/xupercore/kernel/engines/xuperos/xtoken/xtoken_permission.go:160.16,162.3 1 0
github.com/xuperchain/xupercore/kernel/engines/xuperos/xtoken/xtoken_permission.go:164.16,166.3 1 0
github.com/xuperchain/xupercore/kernel/engines/xuperos/xtoken/xtoken_permission.go:172.78,174.22 2 1
github.com/xuperchain/xupercore/kernel/engines/xuperos/xtoken/xtoken_permission.go:177.2,178.16 2 1
github.com/xuperchain/xupercore/kernel/engines/xuperos/xtoken/xtoken_permission.go:181.2,182.16 2 1
github.com/xuperchain/xupercore/kernel/engines/xuperos/xtoken/xtoken_permission.go:185.2,188.8 1 1
github.com/xuperchain/xupercore/kernel/engines/xuperos/xtoken/xtoken_permission.go:174.22,176.3 1 0
github.com/xuperchain/xupercore/kernel/engines/xuperos/xtoken/xtoken_permission.go:178.16,180.3 1 0
github.com/xuperchain/xupercore/kernel/engines/xuperos/xtoken/xtoken_permission.go:182.16,184.3 1 0
github.com/xuperchain/xupercore/kernel/engines/xuperos/xtoken/xtoken_permission.go:191.105,193.16 2 1
github.com/xuperchain/xupercore/kernel/engines/xuperos/xtoken/xtoken_permission.go:196.2,196.22 1 1
github.com/xuperchain/xupercore/kernel/engines/xuperos/xtoken/xtoken_permission.go:203.2,203.29 1 1
github.com/xuperchain/xupercore/kernel/engines/xuperos/xtoken/xtoken_permission.go:193.16,195.3 1 0
github.com/xuperchain/xupercore/kernel/engines/xuperos/xtoken/xtoken_permission.go:196.22,197.25 1 1
github.com/xuperchain/xupercore/kernel/engines/xuperos/xtoken/xtoken_permission.go:201.3,201.32 1 1
github.com/xuperchain/xupercore/kernel/engines/xuperos/xtoken/xtoken_permission.go:197.25,200.4 1 0
github.com/xuperchain/xupercore/kernel/engines/xuperos/xtoken/xtoken_permission.go:207.89,209.16 2 1
github.com/xuperchain/xupercore/kernel/engines/xuperos/xtoken/xtoken_permission.go:212.2,212.22 1 1
github.com/xuperchain/xupercore/kernel/engines/xuperos/xtoken/xtoken_permission.go:220.2,220.29 1 0
github.com/xuperchain/xupercore/kernel/engines/xuperos/xtoken/xtoken_permission.go:209.16,211.3 1 0
github.com/xuperchain/xupercore/kernel/engines/xuperos/xtoken/xtoken_permission.go:212.22,214.25 1 1
github.com/xuperchain/xupercore/kernel/engines/xuperos/xtoken/xtoken_permission.go:218.3,218.32 1 1
github.com/xuperchain/xupercore/kernel/engines/xuperos/xtoken/xtoken_permission.go:214.25,217.4 1 1
github.com/xuperchain/xupercore/kernel/engines/xuperos/xtoken/xtoken_permission.go:223.83,226.80 3 1
github.com/xuperchain/xupercore/kernel/engines/xuperos/xtoken/xtoken_permission.go:229.2,229.21 1 1
github.com/xuperchain/xupercore/kernel/engines/xuperos/xtoken/xtoken_permission.go:232.2,233.9 2 1
github.com/xuperchain/xupercore/kernel/engines/xuperos/xtoken/xtoken_permission.go:236.2,236.20 1 1
github.com/xuperchain/xupercore/kernel/engines/xuperos/xtoken/xtoken_permission.go:226.80,228.3 1 0
github.com/xuperchain/xupercore/kernel/engines/xuperos/xtoken/xtoken_permission.go:229.21,231.3 1 0
github.com/xuperchain/xupercore/kernel/engines/xuperos/xtoken/xtoken_permission.go:233.9,235.3 1 0
github.com/xuperchain/xupercore/kernel/engines/xuperos/xtoken/xtoken_permission.go:239.85,242.16 3 1
github.com/xuperchain/xupercore/kernel/engines/xuperos/xtoken/xtoken_permission.go:245.2,245.12 1 1
github.com/xuperchain/xupercore/kernel/engines/xuperos/xtoken/xtoken_permission.go:242.16,244.3 1 0
github.com/xuperchain/xupercore/kernel/engines/xuperos/xtoken/xtoken_permission.go:248.78,251.80 3 1
github.com/xuperchain/xupercore/kernel/engines/xuperos/xtoken/xtoken_permission.go:254.2,254.21 1 1
github.com/xuperchain/xupercore/kernel/engines/xuperos/xtoken/xtoken_permission.go:257.2,258.53 2 1
github.com/xuperchain/xupercore/kernel/engines/xuperos/xtoken/xtoken_permission.go:261.2,261.20 1 1
github.com/xuperchain/xupercore/kernel/engines/xuperos/xtoken/xtoken_permission.go:251.80,253.3 1 0
github.com/xuperchain/xupercore/kernel/engines/xuperos/xtoken/xtoken_permission.go:254.21,256.3 1 1
github.com/xuperchain/xupercore/kernel/engines/xuperos/xtoken/xtoken_permission.go:258.53,260.3 1 0
github.com/xuperchain/xupercore/kernel/engines/xuperos/xtoken/xtoken_permission.go:264.82,266.16 2 1
github.com/xuperchain/xupercore/kernel/engines/xuperos/xtoken/xtoken_permission.go:269.2,271.16 3 1
github.com/xuperchain/xupercore/kernel/engines/xuperos/xtoken/xtoken_permission.go:274.2,274.12 1 1
github.com/xuperchain/xupercore/kernel/engines/xuperos/xtoken/xtoken_permission.go:266.16,268.3 1 0
github.com/xuperchain/xupercore/kernel/engines/xuperos/xtoken/xtoken_permission.go:271.16,273.3 1 0
github.com/xuperchain/xupercore/kernel/engines/xuperos/xtoken/xtoken_propose.go:19.79,24.21 4 1
github.com/xuperchain/xupercore/kernel/engines/xuperos/xtoken/xtoken_propose.go:27.2,28.20 2 1
github.com/xuperchain/xupercore/kernel/engines/xuperos/xtoken/xtoken_propose.go:31.2,32.16 2 1
github.com/xuperchain/xupercore/kernel/engines/xuperos/xtoken/xtoken_propose.go:36.2,37.16 2 1
github.com/xuperchain/xupercore/kernel/engines/xuperos/xtoken/xtoken_propose.go:40.2,40.56 1 1
github.com/xuperchain/xupercore/kernel/engines/xuperos/xtoken/xtoken_propose.go:45.2,46.16 2 1
github.com/xuperchain/xupercore/kernel/engines/xuperos/xtoken/xtoken_propose.go:49.2,49.100 1 1
github.com/xuperchain/xupercore/kernel/engines/xuperos/xtoken/xtoken_propose.go:53.2,53.86 1 1
github.com/xuperchain/xupercore/kernel/engines/xuperos/xtoken/xtoken_propose.go:56.2,56.89 1 1
github.com/xuperchain/xupercore/kernel/engines/xuperos/xtoken/xtoken_propose.go:61.2,62.16 2 1
github.com/xuperchain/xupercore/kernel/engines/xuperos/xtoken/xtoken_propose.go:66.2,71.16 4 1
github.com/xuperchain/xupercore/kernel/engines/xuperos/xtoken/xtoken_propose.go:75.2,76.16 2 1
github.com/xuperchain/xupercore/kernel/engines/xuperos/xtoken/xtoken_propose.go:79.2,82.8 1 1
github.com/xuperchain/xupercore/kernel/engines/xuperos/xtoken/xtoken_propose.go:24.21,26.3 1 0
github.com/xuperchain/xupercore/kernel/engines/xuperos/xtoken/xtoken_propose.go:28.20,30.3 1 0
github.com/xuperchain/xupercore/kernel/engines/xuperos/xtoken/xtoken_propose.go:32.16,34.3 1 0
github.com/xuperchain/xupercore/kernel/engines/xuperos/xtoken/xtoken_propose.go:37.16,39.3 1 0
github.com/xuperchain/xupercore/kernel/engines/xuperos/xtoken/xtoken_propose.go:40.56,42.3 1 0
github.com/xuperchain/xupercore/kernel/engines/xuperos/xtoken/xtoken_propose.go:46.16,48.3 1 0
github.com/xuperchain/xupercore/kernel/engines/xuperos/xtoken/xtoken_propose.go:49.100,51.3 1 0
github.com/xuperchain/xupercore/kernel/engines/xuperos/xtoken/xtoken_propose.go:53.86,55.3 1 0
github.com/xuperchain/xupercore/kernel/engines/xuperos/xtoken/xtoken_propose.go:56.89,58.3 1 0
github.com/xuperchain/xupercore/kernel/engines/xuperos/xtoken/xtoken_propose.go:62.16,64.3 1 0
github.com/xuperchain/xupercore/kernel/engines/xuperos/xtoken/xtoken_propose.go:71.16,73.3 1 0
github.com/xuperchain/xupercore/kernel/engines/xuperos/xtoken/xtoken_propose.go:76.16,78.3 1 0
github.com/xuperchain/xupercore/kernel/engines/xuperos/xtoken/xtoken_propose.go:86.111,88.16 2 1
github.com/xuperchain/xupercore/kernel/engines/xuperos/xtoken/xtoken_propose.go:91.2,91.76 1 1
github.com/xuperchain/xupercore/kernel/engines/xuperos/xtoken/xtoken_propose.go:88.16,90.3 1 0
github.com/xuperchain/xupercore/kernel/engines/xuperos/xtoken/xtoken_propose.go:94.64,96.16 2 1
github.com/xuperchain/xupercore/kernel/engines/xuperos/xtoken/xtoken_propose.go:99.2,99.13 1 1
github.com/xuperchain/xupercore/kernel/engines/xuperos/xtoken/xtoken_propose.go:103.2,103.45 1 0
github.com/xuperchain/xupercore/kernel/engines/xuperos/xtoken/xtoken_propose.go:96.16,98.3 1 0
github.com/xuperchain/xupercore/kernel/engines/xuperos/xtoken/xtoken_propose.go:100.58,101.18 1 1
github.com/xuperchain/xupercore/kernel/engines/xuperos/xtoken/xtoken_propose.go:106.76,116.16 8 1
github.com/xuperchain/xupercore/kernel/engines/xuperos/xtoken/xtoken_propose.go:119.2,120.9 2 1
github.com/xuperchain/xupercore/kernel/engines/xuperos/xtoken/xtoken_propose.go:123.2,123.40 1 1
github.com/xuperchain/xupercore/kernel/engines/xuperos/xtoken/xtoken_propose.go:126.2,126.87 1 1
github.com/xuperchain/xupercore/kernel/engines/xuperos/xtoken/xtoken_propose.go:129.2,130.9 2 1
github.com/xuperchain/xupercore/kernel/engines/xuperos/xtoken/xtoken_propose.go:134.2,135.16 2 1
github.com/xuperchain/xupercore/kernel/engines/xuperos/xtoken/xtoken_propose.go:138.2,138.32 1 1
github.com/xuperchain/xupercore/kernel/engines/xuperos/xtoken/xtoken_propose.go:143.2,144.16 2 1
github.com/xuperchain/xupercore/kernel/engines/xuperos/xtoken/xtoken_propose.go:147.2,147.29 1 1
github.com/xuperchain/xupercore/kernel/engines/xuperos/xtoken/xtoken_propose.go:152.2,153.16 2 1
github.com/xuperchain/xupercore/kernel/engines/xuperos/xtoken/xtoken_propose.go:156.2,156.11 1 1
github.com/xuperchain/xupercore/kernel/engines/xuperos/xtoken/xtoken_propose.go:161.2,161.80 1 1
github.com/xuperchain/xupercore/kernel/engines/xuperos/xtoken/xtoken_propose.go:166.2,166.86 1 1
github.com/xuperchain/xupercore/kernel/engines/xuperos/xtoken/xtoken_propose.go:169.2,169.89 1 1
github.com/xuperchain/xupercore/kernel/engines/xuperos/xtoken/xtoken_propose.go:172.2,172.108 1 1
github.com/xuperchain/xupercore/kernel/engines/xuperos/xtoken/xtoken_propose.go:176.2,177.16 2 1
github.com/xuperchain/xupercore/kernel/engines/xuperos/xtoken/xtoken_propose.go:180.2,182.8 1 1
github.com/xuperchain/xupercore/kernel/engines/xuperos/xtoken/xtoken_propose.go:116.16,118.3 1 0
github.com/xuperchain/xupercore/kernel/engines/xuperos/xtoken/xtoken_propose.go:120.9,122.3 1 0
github.com/xuperchain/xupercore/kernel/engines/xuperos/xtoken/xtoken_propose.go:123.40,125.3 1 0
github.com/xuperchain/xupercore/kernel/engines/xuperos/xtoken/xtoken_propose.go:126.87,128.3 1 0
github.com/xuperchain/xupercore/kernel/engines/xuperos/xtoken/xtoken_propose.go:130.9,132.3 1 0
github.com/xuperchain/xupercore/kernel/engines/xuperos/xtoken/xtoken_propose.go:135.16,137.3 1 0
github.com/xuperchain/xupercore/kernel/engines/xuperos/xtoken/xtoken_propose.go:138.32,140.3 1 0
github.com/xuperchain/xupercore/kernel/engines/xuperos/xtoken/xtoken_propose.go:144.16,146.3 1 0
github.com/xuperchain/xupercore/kernel/engines/xuperos/xtoken/xtoken_propose.go:147.29,149.3 1 0
github.com/xuperchain/xupercore/kernel/engines/xuperos/xtoken/xtoken_propose.go:153.16,155.3 1 0
github.com/xuperchain/xupercore/kernel/engines/xuperos/xtoken/xtoken_propose.go:156.11,158.3 1 0
github.com/xuperchain/xupercore/kernel/engines/xuperos/xtoken/xtoken_propose.go:161.80,163.3 1 0
github.com/xuperchain/xupercore/kernel/engines/xuperos/xtoken/xtoken_propose.go:166.86,168.3 1 0
github.com/xuperchain/xupercore/kernel/engines/xuperos/xtoken/xtoken_propose.go:169.89,171.3 1 0
github.com/xuperchain/xupercore/kernel/engines/xuperos/xtoken/xtoken_propose.go:172.108,174.3 1 0
github.com/xuperchain/xupercore/kernel/engines/xuperos/xtoken/xtoken_propose.go:177.16,179.3 1 0
github.com/xuperchain/xupercore/kernel/engines/xuperos/xtoken/xtoken_propose.go:186.101,188.16 2 1
github.com/xuperchain/xupercore/kernel/engines/xuperos/xtoken/xtoken_propose.go:191.2,192.9 2 1
github.com/xuperchain/xupercore/kernel/engines/xuperos/xtoken/xtoken_propose.go:196.2,197.19 2 0
github.com/xuperchain/xupercore/kernel/engines/xuperos/xtoken/xtoken_propose.go:188.16,190.3 1 0
github.com/xuperchain/xupercore/kernel/engines/xuperos/xtoken/xtoken_propose.go:192.9,195.3 1 1
github.com/xuperchain/xupercore/kernel/engines/xuperos/xtoken/xtoken_propose.go:201.81,203.16 2 1
github.com/xuperchain/xupercore/kernel/engines/xuperos/xtoken/xtoken_propose.go:206.2,206.9 1 1
github.com/xuperchain/xupercore/kernel/engines/xuperos/xtoken/xtoken_propose.go:210.2,216.68 5 1
github.com/xuperchain/xupercore/kernel/engines/xuperos/xtoken/xtoken_propose.go:219.2,220.9 2 1
github.com/xuperchain/xupercore/kernel/engines/xuperos/xtoken/xtoken_propose.go:224.2,225.16 2 1
github.com/xuperchain/xupercore/kernel/engines/xuperos/xtoken/xtoken_propose.go:228.2,228.39 1 1
github.com/xuperchain/xupercore/kernel/engines/xuperos/xtoken/xtoken_propose.go:233.2,234.16 2 1
github.com/xuperchain/xupercore/kernel/engines/xuperos/xtoken/xtoken_propose.go:237.2,238.16 2 1
github.com/xuperchain/xupercore/kernel/engines/xuperos/xtoken/xtoken_propose.go:241.2,242.16 2 1
github.com/xuperchain/xupercore/kernel/engines/xuperos/xtoken/xtoken_propose.go:246.2,249.16 4 1
github.com/xuperchain/xupercore/kernel/engines/xuperos/xtoken/xtoken_propose.go:254.2,254.70 1 1
github.com/xuperchain/xupercore/kernel/engines/xuperos/xtoken/xtoken_propose.go:266.2,267.16 2 1
github.com/xuperchain/xupercore/kernel/engines/xuperos/xtoken/xtoken_propose.go:271.2,272.16 2 1
github.com/xuperchain/xupercore/kernel/engines/xuperos/xtoken/xtoken_propose.go:275.2,276.16 2 1
github.com/xuperchain/xupercore/kernel/engines/xuperos/xtoken/xtoken_propose.go:279.2,282.8 1 1
github.com/xuperchain/xupercore/kernel/engines/xuperos/xtoken/xtoken_propose.go:203.16,205.3 1 0
github.com/xuperchain/xupercore/kernel/engines/xuperos/xtoken/xtoken_propose.go:206.9,208.3 1 0
github.com/xuperchain/xupercore/kernel/engines/xuperos/xtoken/xtoken_propose.go:216.68,218.3 1 0
github.com/xuperchain/xupercore/kernel/engines/xuperos/xtoken/xtoken_propose.go:220.9,222.3 1 0
github.com/xuperchain/xupercore/kernel/engines/xuperos/xtoken/xtoken_propose.go:225.16,227.3 1 0
github.com/xuperchain/xupercore/kernel/engines/xuperos/xtoken/xtoken_propose.go:228.39,230.3 1 0
github.com/xuperchain/xupercore/kernel/engines/xuperos/xtoken/xtoken_propose.go:234.16,236.3 1 0
github.com/xuperchain/xupercore/kernel/engines/xuperos/xtoken/xtoken_propose.go:238.16,240.3 1 0
github.com/xuperchain/xupercore/kernel/engines/xuperos/xtoken/xtoken_propose.go:242.16,244.3 1 0
github.com/xuperchain/xupercore/kernel/engines/xuperos/xtoken/xtoken_propose.go:249.16,251.3 1 0
github.com/xuperchain/xupercore/kernel/engines/xuperos/xtoken/xtoken_propose.go:254.70,257.3 1 0
github.com/xuperchain/xupercore/kernel/engines/xuperos/xtoken/xtoken_propose.go:257.8,258.38 1 1
github.com/xuperchain/xupercore/kernel/engines/xuperos/xtoken/xtoken_propose.go:258.38,261.4 1 1
github.com/xuperchain/xupercore/kernel/engines/xuperos/xtoken/xtoken_propose.go:261.9,263.4 1 0
github.com/xuperchain/xupercore/kernel/engines/xuperos/xtoken/xtoken_propose.go:267.16,269.3 1 0
github.com/xuperchain/xupercore/kernel/engines/xuperos/xtoken/xtoken_propose.go:272.16,274.3 1 0
github.com/xuperchain/xupercore/kernel/engines/xuperos/xtoken/xtoken_propose.go:276.16,278.3 1 0
github.com/xuperchain/xupercore/kernel/engines/xuperos/xtoken/xtoken_propose.go:286.80,288.16 2 1
github.com/xuperchain/xupercore/kernel/engines/xuperos/xtoken/xtoken_propose.go:291.2,291.9 1 1
github.com/xuperchain/xupercore/kernel/engines/xuperos/xtoken/xtoken_propose.go:295.2,301.68 5 1
github.com/xuperchain/xupercore/kernel/engines/xuperos/xtoken/xtoken_propose.go:304.2,305.9 2 1
github.com/xuperchain/xupercore/kernel/engines/xuperos/xtoken/xtoken_propose.go:309.2,310.16 2 1
github.com/xuperchain/xupercore/kernel/engines/xuperos/xtoken/xtoken_propose.go:313.2,313.39 1 1
github.com/xuperchain/xupercore/kernel/engines/xuperos/xtoken/xtoken_propose.go:317.2,320.16 3 1
github.com/xuperchain/xupercore/kernel/engines/xuperos/xtoken/xtoken_propose.go:324.2,325.16 2 1
github.com/xuperchain/xupercore/kernel/engines/xuperos/xtoken/xtoken_propose.go:328.2,330.8 1 1
github.com/xuperchain/xupercore/kernel/engines/xuperos/xtoken/xtoken_propose.go:288.16,290.3 1 0
github.com/xuperchain/xupercore/kernel/engines/xuperos/xtoken/xtoken_propose.go:291.9,293.3 1 0
github.com/xuperchain/xupercore/kernel/engines/xuperos/xtoken/xtoken_propose.go:301.68,303.3 1 0
github.com/xuperchain/xupercore/kernel/engines/xuperos/xtoken/xtoken_propose.go:305.9,307.3 1 0
github.com/xuperchain/xupercore/kernel/engines/xuperos/xtoken/xtoken_propose.go:310.16,312.3 1 0
github.com/xuperchain/xupercore/kernel/engines/xuperos/xtoken/xtoken_propose.go:313.39,315.3 1 0
github.com/xuperchain/xupercore/kernel/engines/xuperos/xtoken/xtoken_propose.go:320.16,322.3 1 0
github.com/xuperchain/xupercore/kernel/engines/xuperos/xtoken/xtoken_propose.go:325.16,327.3 1 0
github.com/xuperchain/xupercore/kernel/engines/xuperos/xtoken/xtoken_propose.go:333.171,334.67 1 1
github.com/xuperchain/xupercore/kernel/engines/xuperos/xtoken/xtoken_propose.go:337.2,337.40 1 1
github.com/xuperchain/xupercore/kernel/engines/xuperos/xtoken/xtoken_propose.go:345.2,346.16 2 1
github.com/xuperchain/xupercore/kernel/engines/xuperos/xtoken/xtoken_propose.go:350.2,355.8 1 1
github.com/xuperchain/xupercore/kernel/engines/xuperos/xtoken/xtoken_propose.go:334.67,336.3 1 0
github.com/xuperchain/xupercore/kernel/engines/xuperos/xtoken/xtoken_propose.go:337.40,339.87 1 1
github.com/xuperchain/xupercore/kernel/engines/xuperos/xtoken/xtoken_propose.go:339.87,341.4 1 0
github.com/xuperchain/xupercore/kernel/engines/xuperos/xtoken/xtoken_propose.go:346.16,348.3 1 0
github.com/xuperchain/xupercore/kernel/engines/xuperos/xtoken/xtoken_propose.go:358.85,361.44 3 1
github.com/xuperchain/xupercore/kernel/engines/xuperos/xtoken/xtoken_propose.go:364.2,365.31 2 1
github.com/xuperchain/xupercore/kernel/engines/xuperos/xtoken/xtoken_propose.go:368.2,369.9 2 1
github.com/xuperchain/xupercore/kernel/engines/xuperos/xtoken/xtoken_propose.go:372.2,373.16 2 1
github.com/xuperchain/xupercore/kernel/engines/xuperos/xtoken/xtoken_propose.go:376.2,377.16 2 1
github.com/xuperchain/xupercore/kernel/engines/xuperos/xtoken/xtoken_propose.go:380.2,381.16 2 1
github.com/xuperchain/xupercore/kernel/engines/xuperos/xtoken/xtoken_propose.go:385.2,388.8 1 1
github.com/xuperchain/xupercore/kernel/engines/xuperos/xtoken/xtoken_propose.go:361.44,363.3 1 0
github.com/xuperchain/xupercore/kernel/engines/xuperos/xtoken/xtoken_propose.go:365.31,367.3 1 0
github.com/xuperchain/xupercore/kernel/engines/xuperos/xtoken/xtoken_propose.go:369.9,371.3 1 0
github.com/xuperchain/xupercore/kernel/engines/xuperos/xtoken/xtoken_propose.go:373.16,375.3 1 0
github.com/xuperchain/xupercore/kernel/engines/xuperos/xtoken/xtoken_propose.go:377.16,379.3 1 0
github.com/xuperchain/xupercore/kernel/engines/xuperos/xtoken/xtoken_propose.go:381.16,383.3 1 0
github.com/xuperchain/xupercore/kernel/engines/xuperos/xtoken/xtoken_propose.go:391.90,394.44 3 1
github.com/xuperchain/xupercore/kernel/engines/xuperos/xtoken/xtoken_propose.go:397.2,398.31 2 1
github.com/xuperchain/xupercore/kernel/engines/xuperos/xtoken/xtoken_propose.go:401.2,402.9 2 1
github.com/xuperchain/xupercore/kernel/engines/xuperos/xtoken/xtoken_propose.go:406.2,407.16 2 1
github.com/xuperchain/xupercore/kernel/engines/xuperos/xtoken/xtoken_propose.go:410.2,411.16 2 1
github.com/xuperchain/xupercore/kernel/engines/xuperos/xtoken/xtoken_propose.go:415.2,415.33 1 1
github.com/xuperchain/xupercore/kernel/engines/xuperos/xtoken/xtoken_propose.go:422.2,423.16 2 1
github.com/xuperchain/xupercore/kernel/engines/xuperos/xtoken/xtoken_propose.go:426.2,427.16 2 1
github.com/xuperchain/xupercore/kernel/engines/xuperos/xtoken/xtoken_propose.go:430.2,431.16 2 1
github.com/xuperchain/xupercore/kernel/engines/xuperos/xtoken/xtoken_propose.go:435.2,442.16 3 1
github.com/xuperchain/xupercore/kernel/engines/xuperos/xtoken/xtoken_propose.go:446.2,447.16 2 1
github.com/xuperchain/xupercore/kernel/engines/xuperos/xtoken/xtoken_propose.go:450.2,453.8 1 1
github.com/xuperchain/xupercore/kernel/engines/xuperos/xtoken/xtoken_propose.go:394.44,396.3 1 0
github.com/xuperchain/xupercore/kernel/engines/xuperos/xtoken/xtoken_propose.go:398.31,400.3 1 0
github.com/xuperchain/xupercore/kernel/engines/xuperos/xtoken/xtoken_propose.go:402.9,404.3 1 0
github.com/xuperchain/xupercore/kernel/engines/xuperos/xtoken/xtoken_propose.go:407.16,409.3 1 0
github.com/xuperchain/xupercore/kernel/engines/xuperos/xtoken/xtoken_propose.go:411.16,413.3 1 0
github.com/xuperchain/xupercore/kernel/engines/xuperos/xtoken/xtoken_propose.go:415.33,419.3 2 0
github.com/xuperchain/xupercore/kernel/engines/xuperos/xtoken/xtoken_propose.go:423.16,425.3 1 0
github.com/xuperchain/xupercore/kernel/engines/xuperos/xtoken/xtoken_propose.go:427.16,429.3 1 0
github.com/xuperchain/xupercore/kernel/engines/xuperos/xtoken/xtoken_propose.go:431.16,433.3 1 0
github.com/xuperchain/xupercore/kernel/engines/xuperos/xtoken/xtoken_propose.go:442.16,444.3 1 0
github.com/xuperchain/xupercore/kernel/engines/xuperos/xtoken/xtoken_propose.go:447.16,449.3 1 0
github.com/xuperchain/xupercore/kernel/engines/xuperos/xtoken/xtoken_propose.go:456.160,457.31 1 0
github.com/xuperchain/xupercore/kernel/engines/xuperos/xtoken/xtoken_propose.go:464.2,468.42 4 0
github.com/xuperchain/xupercore/kernel/engines/xuperos/xtoken/xtoken_propose.go:471.2,471.23 1 0
github.com/xuperchain/xupercore/kernel/engines/xuperos/xtoken/xtoken_propose.go:484.2,484.60 1 0
github.com/xuperchain/xupercore/kernel/engines/xuperos/xtoken/xtoken_propose.go:488.2,491.9 3 0
github.com/xuperchain/xupercore/kernel/engines/xuperos/xtoken/xtoken_propose.go:457.31,462.3 3 0
github.com/xuperchain/xupercore/kernel/engines/xuperos/xtoken/xtoken_propose.go:468.42,470.3 1 0
github.com/xuperchain/xupercore/kernel/engines/xuperos/xtoken/xtoken_propose.go:471.23,474.17 3 0
github.com/xuperchain/xupercore/kernel/engines/xuperos/xtoken/xtoken_propose.go:477.3,480.9 1 0
github.com/xuperchain/xupercore/kernel/engines/xuperos/xtoken/xtoken_propose.go:474.17,476.4 1 0
github.com/xuperchain/xupercore/kernel/engines/xuperos/xtoken/xtoken_propose.go:484.60,486.3 1 0
github.com/xuperchain/xupercore/kernel/engines/xuperos/xtoken/xtoken_propose.go:492.22,494.17 2 0
github.com/xuperchain/xupercore/kernel/engines/xuperos/xtoken/xtoken_propose.go:497.3,500.9 1 0
github.com/xuperchain/xupercore/kernel/engines/xuperos/xtoken/xtoken_propose.go:502.37,504.61 1 0
github.com/xuperchain/xupercore/kernel/engines/xuperos/xtoken/xtoken_propose.go:494.17,496.4 1 0
github.com/xuperchain/xupercore/kernel/engines/xuperos/xtoken/xtoken_propose.go:508.138,512.16 4 0
github.com/xuperchain/xupercore/kernel/engines/xuperos/xtoken/xtoken_propose.go:517.2,518.16 2 0
github.com/xuperchain/xupercore/kernel/engines/xuperos/xtoken/xtoken_propose.go:523.2,524.16 2 0
github.com/xuperchain/xupercore/kernel/engines/xuperos/xtoken/xtoken_propose.go:529.2,532.48 4 0
github.com/xuperchain/xupercore/kernel/engines/xuperos/xtoken/xtoken_propose.go:543.2,551.16 4 0
github.com/xuperchain/xupercore/kernel/engines/xuperos/xtoken/xtoken_propose.go:556.2,558.16 3 0
github.com/xuperchain/xupercore/kernel/engines/xuperos/xtoken/xtoken_propose.go:512.16,516.3 3 0
github.com/xuperchain/xupercore/kernel/engines/xuperos/xtoken/xtoken_propose.go:518.16,522.3 3 0
github.com/xuperchain/xupercore/kernel/engines/xuperos/xtoken/xtoken_propose.go:524.16,528.3 3 0
github.com/xuperchain/xupercore/kernel/engines/xuperos/xtoken/xtoken_propose.go:532.48,534.3 1 0
github.com/xuperchain/xupercore/kernel/engines/xuperos/xtoken/xtoken_propose.go:534.8,535.46 1 0
github.com/xuperchain/xupercore/kernel/engines/xuperos/xtoken/xtoken_propose.go:535.46,538.4 1 0
github.com/xuperchain/xupercore/kernel/engines/xuperos/xtoken/xtoken_propose.go:538.9,540.4 1 0
github.com/xuperchain/xupercore/kernel/engines/xuperos/xtoken/xtoken_propose.go:551.16,554.3 2 0
github.com/xuperchain/xupercore/kernel/engines/xuperos/xtoken/xtoken_propose.go:558.16,561.3 2 0
github.com/xuperchain/xupercore/kernel/engines/xuperos/xtoken/xtoken_propose.go:565.98,567.2 1 0
github.com/xuperchain/xupercore/kernel/engines/xuperos/xtoken/xtoken_propose.go:570.99,572.2 1 0
github.com/xuperchain/xupercore/kernel/engines/xuperos/xtoken/xtoken_propose.go:575.98,577.2 1 0
github.com/xuperchain/xupercore/kernel/engines/xuperos/xtoken/xtoken_propose.go:579.112,584.16 4 0
github.com/xuperchain/xupercore/kernel/engines/xuperos/xtoken/xtoken_propose.go:588.2,591.16 3 0
github.com/xuperchain/xupercore/kernel/engines/xuperos/xtoken/xtoken_propose.go:600.2,600.35 1 0
github.com/xuperchain/xupercore/kernel/engines/xuperos/xtoken/xtoken_propose.go:604.2,604.23 1 0
github.com/xuperchain/xupercore/kernel/engines/xuperos/xtoken/xtoken_propose.go:584.16,587.3 2 0
github.com/xuperchain/xupercore/kernel/engines/xuperos/xtoken/xtoken_propose.go:591.16,594.10 3 0
github.com/xuperchain/xupercore/kernel/engines/xuperos/xtoken/xtoken_propose.go:598.3,598.51 1 0
github.com/xuperchain/xupercore/kernel/engines/xuperos/xtoken/xtoken_propose.go:594.10,597.4 1 0
github.com/xuperchain/xupercore/kernel/engines/xuperos/xtoken/xtoken_propose.go:600.35,603.3 2 0
github.com/xuperchain/xupercore/kernel/engines/xuperos/xtoken/xtoken_propose.go:607.59,609.2 1 0
github.com/xuperchain/xupercore/kernel/engines/xuperos/xtoken/xtoken_propose.go:611.93,614.2 2 1
github.com/xuperchain/xupercore/kernel/engines/xuperos/xtoken/xtoken_propose.go:616.131,619.80 3 1
github.com/xuperchain/xupercore/kernel/engines/xuperos/xtoken/xtoken_propose.go:622.2,623.21 2 1
github.com/xuperchain/xupercore/kernel/engines/xuperos/xtoken/xtoken_propose.go:628.2,628.25 1 1
github.com/xuperchain/xupercore/kernel/engines/xuperos/xtoken/xtoken_propose.go:619.80,621.3 1 0
github.com/xuperchain/xupercore/kernel/engines/xuperos/xtoken/xtoken_propose.go:623.21,624.61 1 1
github.com/xuperchain/xupercore/kernel/engines/xuperos/xtoken/xtoken_propose.go:624.61,626.4 1 0
github.com/xuperchain/xupercore/kernel/engines/xuperos/xtoken/xtoken_propose.go:632.100,634.16 2 1
github.com/xuperchain/xupercore/kernel/engines/xuperos/xtoken/xtoken_propose.go:639.2,639.51 1 1
github.com/xuperchain/xupercore/kernel/engines/xuperos/xtoken/xtoken_propose.go:655.2,656.16 2 1
github.com/xuperchain/xupercore/kernel/engines/xuperos/xtoken/xtoken_propose.go:659.2,661.16 3 1
github.com/xuperchain/xupercore/kernel/engines/xuperos/xtoken/xtoken_propose.go:665.2,665.12 1 1
github.com/xuperchain/xupercore/kernel/engines/xuperos/xtoken/xtoken_propose.go:634.16,636.3 1 0
github.com/xuperchain/xupercore/kernel/engines/xuperos/xtoken/xtoken_propose.go:639.51,640.34 1 1
github.com/xuperchain/xupercore/kernel/engines/xuperos/xtoken/xtoken_propose.go:640.34,643.18 3 1
github.com/xuperchain/xupercore/kernel/engines/xuperos/xtoken/xtoken_propose.go:646.4,646.34 1 1
github.com/xuperchain/xupercore/kernel/engines/xuperos/xtoken/xtoken_propose.go:649.4,649.42 1 1
github.com/xuperchain/xupercore/kernel/engines/xuperos/xtoken/xtoken_propose.go:643.18,645.5 1 0
github.com/xuperchain/xupercore/kernel/engines/xuperos/xtoken/xtoken_propose.go:646.34,648.5 1 1
github.com/xuperchain/xupercore/kernel/engines/xuperos/xtoken/xtoken_propose.go:649.42,651.5 1 1
github.com/xuperchain/xupercore/kernel/engines/xuperos/xtoken/xtoken_propose.go:656.16,658.3 1 0
github.com/xuperchain/xupercore/kernel/engines/xuperos/xtoken/xtoken_propose.go:661.16,663.3 1 0
github.com/xuperchain/xupercore/kernel/engines/xuperos/xtoken/xtoken_propose.go:669.126,671.16 2 1
github.com/xuperchain/xupercore/kernel/engines/xuperos/xtoken/xtoken_propose.go:674.2,674.42 1 1
github.com/xuperchain/xupercore/kernel/engines/xuperos/xtoken/xtoken_propose.go:688.2,689.16 2 1
github.com/xuperchain/xupercore/kernel/engines/xuperos/xtoken/xtoken_propose.go:692.2,694.16 3 1
github.com/xuperchain/xupercore/kernel/engines/xuperos/xtoken/xtoken_propose.go:697.2,697.12 1 1
github.com/xuperchain/xupercore/kernel/engines/xuperos/xtoken/xtoken_propose.go:671.16,673.3 1 0
github.com/xuperchain/xupercore/kernel/engines/xuperos/xtoken/xtoken_propose.go:674.42,675.20 1 0
github.com/xuperchain/xupercore/kernel/engines/xuperos/xtoken/xtoken_propose.go:683.3,683.30 1 0
github.com/xuperchain/xupercore/kernel/engines/xuperos/xtoken/xtoken_propose.go:675.20,677.4 1 0
github.com/xuperchain/xupercore/kernel/engines/xuperos/xtoken/xtoken_propose.go:677.9,678.41 1 0
github.com/xuperchain/xupercore/kernel/engines/xuperos/xtoken/xtoken_propose.go:681.4,681.33 1 0
github.com/xuperchain/xupercore/kernel/engines/xuperos/xtoken/xtoken_propose.go:678.41,680.5 1 0
github.com/xuperchain/xupercore/kernel/engines/xuperos/xtoken/xtoken_propose.go:684.8,686.3 1 1
github.com/xuperchain/xupercore/kernel/engines/xuperos/xtoken/xtoken_propose.go:689.16,691.3 1 0
github.com/xuperchain/xupercore/kernel/engines/xuperos/xtoken/xtoken_propose.go:694.16,696.3 1 0
github.com/xuperchain/xupercore/kernel/engines/xuperos/xtoken/xtoken_propose.go:701.118,703.16 2 1
github.com/xuperchain/xupercore/kernel/engines/xuperos/xtoken/xtoken_propose.go:706.2,706.43 1 1
github.com/xuperchain/xupercore/kernel/engines/xuperos/xtoken/xtoken_propose.go:725.2,726.16 2 0
github.com/xuperchain/xupercore/kernel/engines/xuperos/xtoken/xtoken_propose.go:729.2,731.16 3 0
github.com/xuperchain/xupercore/kernel/engines/xuperos/xtoken/xtoken_propose.go:734.2,734.12 1 0
github.com/xuperchain/xupercore/kernel/engines/xuperos/xtoken/xtoken_propose.go:703.16,705.3 1 0
github.com/xuperchain/xupercore/kernel/engines/xuperos/xtoken/xtoken_propose.go:706.43,708.3 1 1
github.com/xuperchain/xupercore/kernel/engines/xuperos/xtoken/xtoken_propose.go:708.8,709.20 1 0
github.com/xuperchain/xupercore/kernel/engines/xuperos/xtoken/xtoken_propose.go:713.3,713.41 1 0
github.com/xuperchain/xupercore/kernel/engines/xuperos/xtoken/xtoken_propose.go:717.3,718.23 2 0
github.com/xuperchain/xupercore/kernel/engines/xuperos/xtoken/xtoken_propose.go:709.20,712.4 1 0
github.com/xuperchain/xupercore/kernel/engines/xuperos/xtoken/xtoken_propose.go:713.41,716.4 1 0
github.com/xuperchain/xupercore/kernel/engines/xuperos/xtoken/xtoken_propose.go:718.23,720.4 1 0
github.com/xuperchain/xupercore/kernel/engines/xuperos/xtoken/xtoken_propose.go:720.9,722.4 1 0
github.com/xuperchain/xupercore/kernel/engines/xuperos/xtoken/xtoken_propose.go:726.16,728.3 1 0
github.com/xuperchain/xupercore/kernel/engines/xuperos/xtoken/xtoken_propose.go:731.16,733.3 1 0
github.com/xuperchain/xupercore/kernel/engines/xuperos/xtoken/xtoken_propose.go:737.102,740.80 3 1
github.com/xuperchain/xupercore/kernel/engines/xuperos/xtoken/xtoken_propose.go:743.2,743.21 1 1
github.com/xuperchain/xupercore/kernel/engines/xuperos/xtoken/xtoken_propose.go:746.2,747.9 2 0
github.com/xuperchain/xupercore/kernel/engines/xuperos/xtoken/xtoken_propose.go:750.2,750.22 1 0
github.com/xuperchain/xupercore/kernel/engines/xuperos/xtoken/xtoken_propose.go:740.80,742.3 1 0
github.com/xuperchain/xupercore/kernel/engines/xuperos/xtoken/xtoken_propose.go:743.21,745.3 1 1
github.com/xuperchain/xupercore/kernel/engines/xuperos/xtoken/xtoken_propose.go:747.9,749.3 1 0
github.com/xuperchain/xupercore/kernel/engines/xuperos/xtoken/xtoken_propose.go:753.112,756.16 3 1
github.com/xuperchain/xupercore/kernel/engines/xuperos/xtoken/xtoken_propose.go:759.2,759.12 1 1
github.com/xuperchain/xupercore/kernel/engines/xuperos/xtoken/xtoken_propose.go:756.16,758.3 1 0
github.com/xuperchain/xupercore/kernel/engines/xuperos/xtoken/xtoken_propose.go:762.113,771.2 2 1
github.com/xuperchain/xupercore/kernel/engines/xuperos/xtoken/xtoken_propose.go:774.89,776.16 2 1
github.com/xuperchain/xupercore/kernel/engines/xuperos/xtoken/xtoken_propose.go:779.2,781.16 3 1
github.com/xuperchain/xupercore/kernel/engines/xuperos/xtoken/xtoken_propose.go:784.2,785.16 2 1
github.com/xuperchain/xupercore/kernel/engines/xuperos/xtoken/xtoken_propose.go:788.2,788.12 1 1
github.com/xuperchain/xupercore/kernel/engines/xuperos/xtoken/xtoken_propose.go:776.16,778.3 1 0
github.com/xuperchain/xupercore/kernel/engines/xuperos/xtoken/xtoken_propose.go:781.16,783.3 1 0
github.com/xuperchain/xupercore/kernel/engines/xuperos/xtoken/xtoken_propose.go:785.16,787.3 1 0
github.com/xuperchain/xupercore/kernel/engines/xuperos/xtoken/xtoken_propose.go:792.91,794.16 2 1
github.com/xuperchain/xupercore/kernel/engines/xuperos/xtoken/xtoken_propose.go:797.2,799.16 3 1
github.com/xuperchain/xupercore/kernel/engines/xuperos/xtoken/xtoken_propose.go:802.2,802.12 1 1
github.com/xuperchain/xupercore/kernel/engines/xuperos/xtoken/xtoken_propose.go:794.16,796.3 1 0
github.com/xuperchain/xupercore/kernel/engines/xuperos/xtoken/xtoken_propose.go:799.16,801.3 1 0
github.com/xuperchain/xupercore/kernel/engines/xuperos/xtoken/xtoken_propose.go:805.116,808.80 3 1
github.com/xuperchain/xupercore/kernel/engines/xuperos/xtoken/xtoken_propose.go:811.2,811.21 1 1
github.com/xuperchain/xupercore/kernel/engines/xuperos/xtoken/xtoken_propose.go:814.2,815.49 2 1
github.com/xuperchain/xupercore/kernel/engines/xuperos/xtoken/xtoken_propose.go:818.2,818.15 1 1
github.com/xuperchain/xupercore/kernel/engines/xuperos/xtoken/xtoken_propose.go:808.80,810.3 1 0
github.com/xuperchain/xupercore/kernel/engines/xuperos/xtoken/xtoken_propose.go:811.21,813.3 1 0
github.com/xuperchain/xupercore/kernel/engines/xuperos/xtoken/xtoken_propose.go:815.49,817.3 1 0
github.com/xuperchain/xupercore/kernel/engines/xuperos/xtoken/xtoken_propose.go:821.151,823.2 1 1
github.com/xuperchain/xupercore/kernel/engines/xuperos/xtoken/xtoken_propose.go:825.152,827.2 1 1
github.com/xuperchain/xupercore/kernel/engines/xuperos/xtoken/xtoken_propose.go:829.151,831.2 1 1
github.com/xuperchain/xupercore/kernel/engines/xuperos/xtoken/xtoken_propose.go:833.158,837.16 3 1
github.com/xuperchain/xupercore/kernel/engines/xuperos/xtoken/xtoken_propose.go:840.2,843.18 3 1
github.com/xuperchain/xupercore/kernel/engines/xuperos/xtoken/xtoken_propose.go:862.2,862.23 1 1
github.com/xuperchain/xupercore/kernel/engines/xuperos/xtoken/xtoken_propose.go:837.16,839.3 1 0
github.com/xuperchain/xupercore/kernel/engines/xuperos/xtoken/xtoken_propose.go:843.18,849.10 5 1
github.com/xuperchain/xupercore/kernel/engines/xuperos/xtoken/xtoken_propose.go:853.3,854.29 2 1
github.com/xuperchain/xupercore/kernel/engines/xuperos/xtoken/xtoken_propose.go:849.10,852.4 1 0
github.com/xuperchain/xupercore/kernel/engines/xuperos/xtoken/xtoken_propose.go:854.29,857.18 2 1
github.com/xuperchain/xupercore/kernel/engines/xuperos/xtoken/xtoken_propose.go:857.18,859.5 1 0
github.com/xuperchain/xupercore/kernel/engines/xuperos/xtoken/xtoken_propose.go:865.120,867.16 2 1
github.com/xuperchain/xupercore/kernel/engines/xuperos/xtoken/xtoken_propose.go:871.2,872.80 2 1
github.com/xuperchain/xupercore/kernel/engines/xuperos/xtoken/xtoken_propose.go:875.2,875.21 1 1
github.com/xuperchain/xupercore/kernel/engines/xuperos/xtoken/xtoken_propose.go:881.2,881.86 1 1
github.com/xuperchain/xupercore/kernel/engines/xuperos/xtoken/xtoken_propose.go:885.2,885.12 1 1
github.com/xuperchain/xupercore/kernel/engines/xuperos/xtoken/xtoken_propose.go:867.16,869.3 1 0
github.com/xuperchain/xupercore/kernel/engines/xuperos/xtoken/xtoken_propose.go:872.80,874.3 1 0
github.com/xuperchain/xupercore/kernel/engines/xuperos/xtoken/xtoken_propose.go:875.21,879.3 1 0
github.com/xuperchain/xupercore/kernel/engines/xuperos/xtoken/xtoken_propose.go:881.86,883.3 1 0
github.com/xuperchain/xupercore/kernel/engines/xuperos/xtoken/xtoken_propose.go:888.110,889.16 1 1
github.com/xuperchain/xupercore/kernel/engines/xuperos/xtoken/xtoken_propose.go:890.23,891.74 1 1
github.com/xuperchain/xupercore/kernel/engines/xuperos/xtoken/xtoken_propose.go:892.24,893.75 1 0
github.com/xuperchain/xupercore/kernel/engines/xuperos/xtoken/xtoken_propose.go:894.23,895.74 1 0
github.com/xuperchain/xupercore/kernel/engines/xuperos/xtoken/xtoken_propose.go:896.10,897.47 1 0
github.com/xuperchain/xupercore/kernel/engines/xuperos/xtoken/xtoken_propose.go:900.107,901.16 1 1
github.com/xuperchain/xupercore/kernel/engines/xuperos/xtoken/xtoken_propose.go:902.23,903.71 1 1
github.com/xuperchain/xupercore/kernel/engines/xuperos/xtoken/xtoken_propose.go:904.24,905.72 1 1
github.com/xuperchain/xupercore/kernel/engines/xuperos/xtoken/xtoken_propose.go:906.23,907.71 1 1
github.com/xuperchain/xupercore/kernel/engines/xuperos/xtoken/xtoken_propose.go:908.10,909.47 1 0
github.com/xuperchain/xupercore/kernel/engines/xuperos/xtoken/xtoken_propose.go:914.134,917.80 3 1
github.com/xuperchain/xupercore/kernel/engines/xuperos/xtoken/xtoken_propose.go:921.2,922.21 2 1
github.com/xuperchain/xupercore/kernel/engines/xuperos/xtoken/xtoken_propose.go:931.2,931.20 1 1
github.com/xuperchain/xupercore/kernel/engines/xuperos/xtoken/xtoken_propose.go:917.80,919.3 1 0
github.com/xuperchain/xupercore/kernel/engines/xuperos/xtoken/xtoken_propose.go:922.21,924.17 2 1
github.com/xuperchain/xupercore/kernel/engines/xuperos/xtoken/xtoken_propose.go:929.3,929.21 1 1
github.com/xuperchain/xupercore/kernel/engines/xuperos/xtoken/xtoken_propose.go:924.17,926.4 1 0
github.com/xuperchain/xupercore/kernel/engines/xuperos/xtoken/xtoken_propose.go:934.129,936.16 2 1
github.com/xuperchain/xupercore/kernel/engines/xuperos/xtoken/xtoken_propose.go:939.2,939.42 1 1
github.com/xuperchain/xupercore/kernel/engines/xuperos/xtoken/xtoken_propose.go:953.2,954.16 2 1
github.com/xuperchain/xupercore/kernel/engines/xuperos/xtoken/xtoken_propose.go:957.2,958.44 2 1
github.com/xuperchain/xupercore/kernel/engines/xuperos/xtoken/xtoken_propose.go:936.16,938.3 1 0
github.com/xuperchain/xupercore/kernel/engines/xuperos/xtoken/xtoken_propose.go:939.42,940.20 1 0
github.com/xuperchain/xupercore/kernel/engines/xuperos/xtoken/xtoken_propose.go:948.3,948.30 1 0
github.com/xuperchain/xupercore/kernel/engines/xuperos/xtoken/xtoken_propose.go:940.20,942.4 1 0
github.com/xuperchain/xupercore/kernel/engines/xuperos/xtoken/xtoken_propose.go:942.9,943.41 1 0
github.com/xuperchain/xupercore/kernel/engines/xuperos/xtoken/xtoken_propose.go:946.4,946.33 1 0
github.com/xuperchain/xupercore/kernel/engines/xuperos/xtoken/xtoken_propose.go:943.41,945.5 1 0
github.com/xuperchain/xupercore/kernel/engines/xuperos/xtoken/xtoken_propose.go:949.8,951.3 1 1
github.com/xuperchain/xupercore/kernel/engines/xuperos/xtoken/xtoken_propose.go:954.16,956.3 1 0
github.com/xuperchain/xupercore/kernel/engines/xuperos/xtoken/xtoken_propose.go:961.121,963.16 2 1
github.com/xuperchain/xupercore/kernel/engines/xuperos/xtoken/xtoken_propose.go:966.2,967.9 2 1
github.com/xuperchain/xupercore/kernel/engines/xuperos/xtoken/xtoken_propose.go:971.2,971.19 1 1
github.com/xuperchain/xupercore/kernel/engines/xuperos/xtoken/xtoken_propose.go:975.2,975.40 1 1
github.com/xuperchain/xupercore/kernel/engines/xuperos/xtoken/xtoken_propose.go:979.2,980.22 2 1
github.com/xuperchain/xupercore/kernel/engines/xuperos/xtoken/xtoken_propose.go:986.2,987.16 2 1
github.com/xuperchain/xupercore/kernel/engines/xuperos/xtoken/xtoken_propose.go:990.2,991.44 2 1
github.com/xuperchain/xupercore/kernel/engines/xuperos/xtoken/xtoken_propose.go:963.16,965.3 1 0
github.com/xuperchain/xupercore/kernel/engines/xuperos/xtoken/xtoken_propose.go:967.9,969.3 1 0
github.com/xuperchain/xupercore/kernel/engines/xuperos/xtoken/xtoken_propose.go:971.19,974.3 1 0
github.com/xuperchain/xupercore/kernel/engines/xuperos/xtoken/xtoken_propose.go:975.40,978.3 1 0
github.com/xuperchain/xupercore/kernel/engines/xuperos/xtoken/xtoken_propose.go:980.22,982.3 1 1
github.com/xuperchain/xupercore/kernel/engines/xuperos/xtoken/xtoken_propose.go:982.8,984.3 1 0
github.com/xuperchain/xupercore/kernel/engines/xuperos/xtoken/xtoken_propose.go:987.16,989.3 1 0
github.com/xuperchain/xupercore/kernel/engines/xuperos/xtoken/xtoken_propose.go:995.103,997.16 2 1
github.com/xuperchain/xupercore/kernel/engines/xuperos/xtoken/xtoken_propose.go:1002.2,1002.51 1 1
github.com/xuperchain/xupercore/kernel/engines/xuperos/xtoken/xtoken_propose.go:1018.2,1019.16 2 1
github.com/xuperchain/xupercore/kernel/engines/xuperos/xtoken/xtoken_propose.go:1022.2,1023.44 2 1
github.com/xuperchain/xupercore/kernel/engines/xuperos/xtoken/xtoken_propose.go:997.16,999.3 1 0
github.com/xuperchain/xupercore/kernel/engines/xuperos/xtoken/xtoken_propose.go:1002.51,1003.34 1 1
github.com/xuperchain/xupercore/kernel/engines/xuperos/xtoken/xtoken_propose.go:1003.34,1006.18 3 1
github.com/xuperchain/xupercore/kernel/engines/xuperos/xtoken/xtoken_propose.go:1009.4,1009.34 1 1
github.com/xuperchain/xupercore/kernel/engines/xuperos/xtoken/xtoken_propose.go:1012.4,1012.42 1 1
github.com/xuperchain/xupercore/kernel/engines/xuperos/xtoken/xtoken_propose.go:1006.18,1008.5 1 0
github.com/xuperchain/xupercore/kernel/engines/xuperos/xtoken/xtoken_propose.go:1009.34,1011.5 1 0
github.com/xuperchain/xupercore/kernel/engines/xuperos/xtoken/xtoken_propose.go:1012.42,1014.5 1 0
github.com/xuperchain/xupercore/kernel/engines/xuperos/xtoken/xtoken_propose.go:1019.16,1021.3 1 0
github.com/xuperchain/xupercore/kernel/engines/xuperos/xtoken/context.go:23.60,24.17 1 0
github.com/xuperchain/xupercore/kernel/engines/xuperos/xtoken/context.go:28.2,29.16 2 0
github.com/xuperchain/xupercore/kernel/engines/xuperos/xtoken/context.go:33.2,41.17 7 0
github.com/xuperchain/xupercore/kernel/engines/xuperos/xtoken/context.go:24.17,26.3 1 0
github.com/xuperchain/xupercore/kernel/engines/xuperos/xtoken/context.go:29.16,31.3 1 0
